TN:
SF:components\AdminLayout.js
FN:37,(anonymous_5)
FN:44,(anonymous_6)
FN:48,(anonymous_7)
FN:105,(anonymous_8)
FN:109,(anonymous_9)
FNF:5
FNH:0
FNDA:0,(anonymous_5)
FNDA:0,(anonymous_6)
FNDA:0,(anonymous_7)
FNDA:0,(anonymous_8)
FNDA:0,(anonymous_9)
DA:1,0
DA:18,0
DA:31,0
DA:32,0
DA:33,0
DA:35,0
DA:37,0
DA:38,0
DA:39,0
DA:40,0
DA:41,0
DA:42,0
DA:44,0
DA:45,0
DA:48,0
DA:49,0
DA:50,0
DA:53,0
DA:106,0
DA:110,0
DA:111,0
DA:220,0
LF:22
LH:0
BRDA:111,0,0,0
BRDA:162,1,0,0
BRDA:162,1,1,0
BRDA:172,2,0,0
BRDA:172,2,1,0
BRDA:173,3,0,0
BRDA:173,3,1,0
BRF:7
BRH:0
end_of_record
TN:
SF:components\AdminProtectedRoute.js
FN:5,(anonymous_1)
FN:9,(anonymous_2)
FNF:2
FNH:0
FNDA:0,(anonymous_1)
FNDA:0,(anonymous_2)
DA:1,0
DA:2,0
DA:3,0
DA:5,0
DA:6,0
DA:7,0
DA:9,0
DA:10,0
DA:12,0
DA:13,0
DA:14,0
DA:16,0
DA:22,0
DA:36,0
DA:37,0
DA:40,0
DA:43,0
LF:17
LH:0
BRDA:10,0,0,0
BRDA:10,1,0,0
BRDA:10,1,1,0
BRDA:10,1,2,0
BRDA:12,2,0,0
BRDA:12,2,1,0
BRDA:22,3,0,0
BRDA:36,4,0,0
BRDA:36,5,0,0
BRDA:36,5,1,0
BRF:10
BRH:0
end_of_record
TN:
SF:components\AnalyticsDashboard.js
FN:47,(anonymous_5)
FN:58,(anonymous_6)
FN:62,(anonymous_7)
FN:75,(anonymous_8)
FN:81,(anonymous_9)
FN:149,(anonymous_10)
FN:266,(anonymous_11)
FN:277,(anonymous_12)
FN:284,(anonymous_13)
FN:288,(anonymous_14)
FN:326,(anonymous_15)
FN:331,(anonymous_16)
FN:335,(anonymous_17)
FN:352,(anonymous_18)
FN:366,(anonymous_19)
FN:369,(anonymous_20)
FN:390,(anonymous_21)
FN:453,(anonymous_22)
FN:479,(anonymous_23)
FN:486,(anonymous_24)
FN:493,(anonymous_25)
FN:500,(anonymous_26)
FNF:22
FNH:0
FNDA:0,(anonymous_5)
FNDA:0,(anonymous_6)
FNDA:0,(anonymous_7)
FNDA:0,(anonymous_8)
FNDA:0,(anonymous_9)
FNDA:0,(anonymous_10)
FNDA:0,(anonymous_11)
FNDA:0,(anonymous_12)
FNDA:0,(anonymous_13)
FNDA:0,(anonymous_14)
FNDA:0,(anonymous_15)
FNDA:0,(anonymous_16)
FNDA:0,(anonymous_17)
FNDA:0,(anonymous_18)
FNDA:0,(anonymous_19)
FNDA:0,(anonymous_20)
FNDA:0,(anonymous_21)
FNDA:0,(anonymous_22)
FNDA:0,(anonymous_23)
FNDA:0,(anonymous_24)
FNDA:0,(anonymous_25)
FNDA:0,(anonymous_26)
DA:1,0
DA:19,0
DA:44,0
DA:45,0
DA:47,0
DA:48,0
DA:49,0
DA:51,0
DA:52,0
DA:53,0
DA:54,0
DA:55,0
DA:58,0
DA:59,0
DA:62,0
DA:63,0
DA:64,0
DA:65,0
DA:66,0
DA:68,0
DA:69,0
DA:71,0
DA:75,0
DA:76,0
DA:77,0
DA:78,0
DA:81,0
DA:82,0
DA:83,0
DA:88,0
DA:89,0
DA:90,0
DA:91,0
DA:92,0
DA:93,0
DA:94,0
DA:96,0
DA:97,0
DA:101,0
DA:112,0
DA:125,0
DA:128,0
DA:129,0
DA:130,0
DA:133,0
DA:149,0
DA:266,0
DA:278,0
DA:279,0
DA:285,0
DA:286,0
DA:288,0
DA:326,0
DA:332,0
DA:335,0
DA:352,0
DA:366,0
DA:369,0
DA:390,0
DA:454,0
DA:479,0
DA:486,0
DA:493,0
DA:500,0
DA:510,0
LF:65
LH:0
BRDA:101,0,0,0
BRDA:112,1,0,0
BRDA:125,2,0,0
BRDA:125,2,1,0
BRDA:128,3,0,0
BRDA:128,3,1,0
BRDA:129,4,0,0
BRDA:129,4,1,0
BRDA:130,5,0,0
BRDA:130,5,1,0
BRDA:164,6,0,0
BRDA:164,6,1,0
BRDA:180,7,0,0
BRDA:180,7,1,0
BRDA:183,8,0,0
BRDA:183,8,1,0
BRDA:201,9,0,0
BRDA:201,9,1,0
BRDA:222,10,0,0
BRDA:222,10,1,0
BRDA:243,11,0,0
BRDA:243,11,1,0
BRDA:289,12,0,0
BRDA:289,12,1,0
BRDA:290,13,0,0
BRDA:290,13,1,0
BRDA:290,14,0,0
BRDA:290,14,1,0
BRDA:366,15,0,0
BRDA:366,15,1,0
BRDA:370,16,0,0
BRDA:370,16,1,0
BRDA:371,17,0,0
BRDA:371,17,1,0
BRDA:400,18,0,0
BRDA:400,18,1,0
BRDA:411,19,0,0
BRDA:411,19,1,0
BRDA:422,20,0,0
BRDA:422,20,1,0
BRDA:433,21,0,0
BRDA:433,21,1,0
BRDA:446,22,0,0
BRF:43
BRH:0
end_of_record
TN:
SF:components\AuthContext.js
FN:6,(anonymous_4)
FN:14,(anonymous_5)
FN:23,(anonymous_6)
FN:25,(anonymous_7)
FN:26,(anonymous_8)
FN:58,(anonymous_9)
FN:63,(anonymous_10)
FN:77,(anonymous_11)
FN:88,(anonymous_12)
FN:94,(anonymous_13)
FN:99,(anonymous_14)
FN:109,(anonymous_15)
FN:119,(anonymous_16)
FN:132,(anonymous_17)
FN:135,(anonymous_18)
FNF:15
FNH:0
FNDA:0,(anonymous_4)
FNDA:0,(anonymous_5)
FNDA:0,(anonymous_6)
FNDA:0,(anonymous_7)
FNDA:0,(anonymous_8)
FNDA:0,(anonymous_9)
FNDA:0,(anonymous_10)
FNDA:0,(anonymous_11)
FNDA:0,(anonymous_12)
FNDA:0,(anonymous_13)
FNDA:0,(anonymous_14)
FNDA:0,(anonymous_15)
FNDA:0,(anonymous_16)
FNDA:0,(anonymous_17)
FNDA:0,(anonymous_18)
DA:1,0
DA:2,0
DA:4,0
DA:6,0
DA:7,0
DA:8,0
DA:9,0
DA:11,0
DA:14,0
DA:15,0
DA:16,0
DA:17,0
DA:18,0
DA:19,0
DA:20,0
DA:23,0
DA:24,0
DA:25,0
DA:27,0
DA:30,0
DA:31,0
DA:34,0
DA:35,0
DA:36,0
DA:38,0
DA:39,0
DA:41,0
DA:42,0
DA:43,0
DA:45,0
DA:47,0
DA:49,0
DA:50,0
DA:54,0
DA:58,0
DA:59,0
DA:63,0
DA:64,0
DA:65,0
DA:66,0
DA:67,0
DA:68,0
DA:69,0
DA:70,0
DA:71,0
DA:73,0
DA:74,0
DA:75,0
DA:76,0
DA:77,0
DA:78,0
DA:80,0
DA:81,0
DA:84,0
DA:88,0
DA:89,0
DA:90,0
DA:91,0
DA:92,0
DA:94,0
DA:95,0
DA:99,0
DA:100,0
DA:101,0
DA:102,0
DA:103,0
DA:105,0
DA:109,0
DA:110,0
DA:111,0
DA:112,0
DA:113,0
DA:115,0
DA:119,0
DA:120,0
DA:122,0
DA:126,0
DA:128,0
DA:132,0
DA:133,0
DA:134,0
DA:135,0
DA:136,0
DA:138,0
DA:142,0
LF:85
LH:0
BRDA:8,0,0,0
BRDA:30,1,0,0
BRDA:30,2,0,0
BRDA:30,2,1,0
BRDA:35,3,0,0
BRDA:35,4,0,0
BRDA:35,4,1,0
BRDA:63,5,0,0
BRDA:64,6,0,0
BRDA:74,7,0,0
BRDA:74,7,1,0
BRDA:74,8,0,0
BRDA:74,8,1,0
BRDA:91,9,0,0
BRDA:105,10,0,0
BRDA:105,10,1,0
BRDA:115,11,0,0
BRDA:115,11,1,0
BRDA:138,12,0,0
BRDA:138,12,1,0
BRF:20
BRH:0
end_of_record
TN:
SF:components\BulkActions.js
FN:17,(anonymous_5)
FN:31,(anonymous_6)
FN:39,(anonymous_7)
FN:80,(anonymous_8)
FN:84,(anonymous_9)
FN:85,(anonymous_10)
FN:99,(anonymous_11)
FNF:7
FNH:0
FNDA:0,(anonymous_5)
FNDA:0,(anonymous_6)
FNDA:0,(anonymous_7)
FNDA:0,(anonymous_8)
FNDA:0,(anonymous_9)
FNDA:0,(anonymous_10)
FNDA:0,(anonymous_11)
DA:1,0
DA:11,0
DA:12,0
DA:13,0
DA:14,0
DA:15,0
DA:17,0
DA:18,0
DA:19,0
DA:27,0
DA:29,0
DA:31,0
DA:32,0
DA:33,0
DA:35,0
DA:39,0
DA:40,0
DA:42,0
DA:44,0
DA:46,0
DA:51,0
DA:52,0
DA:55,0
DA:56,0
DA:57,0
DA:58,0
DA:59,0
DA:60,0
DA:61,0
DA:62,0
DA:63,0
DA:65,0
DA:71,0
DA:72,0
DA:80,0
DA:81,0
DA:84,0
DA:85,0
DA:86,0
DA:87,0
DA:88,0
DA:92,0
DA:99,0
DA:100,0
DA:103,0
DA:105,0
DA:106,0
DA:191,0
LF:48
LH:0
BRDA:32,0,0,0
BRDA:32,0,1,0
BRDA:40,1,0,0
BRDA:51,2,0,0
BRDA:81,3,0,0
BRDA:86,4,0,0
BRDA:86,5,0,0
BRDA:86,5,1,0
BRDA:103,6,0,0
BRDA:113,7,0,0
BRDA:113,7,1,0
BRDA:115,8,0,0
BRDA:115,8,1,0
BRDA:120,9,0,0
BRDA:120,9,1,0
BRDA:121,10,0,0
BRDA:121,10,1,0
BRDA:126,11,0,0
BRDA:126,11,1,0
BRDA:128,12,0,0
BRDA:128,12,1,0
BRDA:133,13,0,0
BRDA:169,14,0,0
BRF:23
BRH:0
end_of_record
TN:
SF:components\CartContext.js
FN:6,(anonymous_3)
FN:14,(anonymous_4)
FN:21,(anonymous_5)
FN:45,(anonymous_6)
FN:50,(anonymous_7)
FN:55,(anonymous_8)
FN:60,(anonymous_9)
FN:66,(anonymous_10)
FN:67,(anonymous_11)
FN:69,(anonymous_12)
FN:74,(anonymous_13)
FN:96,(anonymous_14)
FN:97,(anonymous_15)
FN:97,(anonymous_16)
FN:100,(anonymous_17)
FN:106,(anonymous_18)
FN:107,(anonymous_19)
FN:113,(anonymous_20)
FN:117,(anonymous_21)
FN:118,(anonymous_22)
FN:121,(anonymous_23)
FN:122,(anonymous_24)
FN:125,(anonymous_25)
FN:157,(anonymous_26)
FN:163,(anonymous_27)
FNF:25
FNH:0
FNDA:0,(anonymous_3)
FNDA:0,(anonymous_4)
FNDA:0,(anonymous_5)
FNDA:0,(anonymous_6)
FNDA:0,(anonymous_7)
FNDA:0,(anonymous_8)
FNDA:0,(anonymous_9)
FNDA:0,(anonymous_10)
FNDA:0,(anonymous_11)
FNDA:0,(anonymous_12)
FNDA:0,(anonymous_13)
FNDA:0,(anonymous_14)
FNDA:0,(anonymous_15)
FNDA:0,(anonymous_16)
FNDA:0,(anonymous_17)
FNDA:0,(anonymous_18)
FNDA:0,(anonymous_19)
FNDA:0,(anonymous_20)
FNDA:0,(anonymous_21)
FNDA:0,(anonymous_22)
FNDA:0,(anonymous_23)
FNDA:0,(anonymous_24)
FNDA:0,(anonymous_25)
FNDA:0,(anonymous_26)
FNDA:0,(anonymous_27)
DA:1,0
DA:2,0
DA:4,0
DA:6,0
DA:7,0
DA:8,0
DA:9,0
DA:11,0
DA:14,0
DA:15,0
DA:16,0
DA:17,0
DA:18,0
DA:21,0
DA:22,0
DA:23,0
DA:24,0
DA:25,0
DA:27,0
DA:28,0
DA:33,0
DA:34,0
DA:35,0
DA:36,0
DA:38,0
DA:39,0
DA:45,0
DA:46,0
DA:50,0
DA:51,0
DA:55,0
DA:56,0
DA:60,0
DA:61,0
DA:62,0
DA:66,0
DA:67,0
DA:68,0
DA:69,0
DA:72,0
DA:74,0
DA:75,0
DA:81,0
DA:96,0
DA:97,0
DA:100,0
DA:101,0
DA:102,0
DA:103,0
DA:106,0
DA:107,0
DA:108,0
DA:113,0
DA:114,0
DA:117,0
DA:118,0
DA:121,0
DA:122,0
DA:125,0
DA:126,0
DA:128,0
DA:130,0
DA:131,0
DA:133,0
DA:135,0
DA:136,0
DA:138,0
DA:139,0
DA:141,0
DA:142,0
DA:144,0
DA:147,0
DA:149,0
DA:154,0
DA:157,0
DA:158,0
DA:163,0
DA:166,0
LF:78
LH:0
BRDA:8,0,0,0
BRDA:23,1,0,0
BRDA:34,2,0,0
BRDA:61,3,0,0
BRDA:61,4,0,0
BRDA:61,4,1,0
BRDA:66,5,0,0
BRDA:69,6,0,0
BRDA:69,6,1,0
BRDA:72,7,0,0
BRDA:72,7,1,0
BRDA:75,8,0,0
BRDA:75,8,1,0
BRDA:75,9,0,0
BRDA:75,9,1,0
BRDA:89,10,0,0
BRDA:89,10,1,0
BRDA:90,11,0,0
BRDA:90,11,1,0
BRDA:101,12,0,0
BRDA:108,13,0,0
BRDA:108,13,1,0
BRDA:126,14,0,0
BRDA:133,15,0,0
BRDA:133,15,1,0
BRDA:133,15,2,0
BRDA:133,15,3,0
BRF:27
BRH:0
end_of_record
TN:
SF:components\CategoryNavigation.js
FN:26,(anonymous_5)
FN:28,(anonymous_6)
FN:41,(anonymous_7)
FN:46,(anonymous_8)
FN:47,(anonymous_9)
FN:55,(anonymous_10)
FN:59,(anonymous_11)
FN:73,(anonymous_12)
FN:74,(anonymous_13)
FN:85,(anonymous_14)
FN:91,(anonymous_15)
FN:98,(anonymous_16)
FN:103,(anonymous_17)
FN:223,(anonymous_18)
FN:227,(anonymous_19)
FN:285,(anonymous_20)
FN:288,(anonymous_21)
FNF:17
FNH:0
FNDA:0,(anonymous_5)
FNDA:0,(anonymous_6)
FNDA:0,(anonymous_7)
FNDA:0,(anonymous_8)
FNDA:0,(anonymous_9)
FNDA:0,(anonymous_10)
FNDA:0,(anonymous_11)
FNDA:0,(anonymous_12)
FNDA:0,(anonymous_13)
FNDA:0,(anonymous_14)
FNDA:0,(anonymous_15)
FNDA:0,(anonymous_16)
FNDA:0,(anonymous_17)
FNDA:0,(anonymous_18)
FNDA:0,(anonymous_19)
FNDA:0,(anonymous_20)
FNDA:0,(anonymous_21)
DA:1,0
DA:15,0
DA:16,0
DA:22,0
DA:23,0
DA:24,0
DA:26,0
DA:31,0
DA:32,0
DA:33,0
DA:34,0
DA:35,0
DA:36,0
DA:37,0
DA:38,0
DA:41,0
DA:42,0
DA:46,0
DA:47,0
DA:48,0
DA:49,0
DA:53,0
DA:54,0
DA:55,0
DA:59,0
DA:60,0
DA:61,0
DA:62,0
DA:63,0
DA:64,0
DA:66,0
DA:67,0
DA:69,0
DA:73,0
DA:74,0
DA:75,0
DA:76,0
DA:77,0
DA:79,0
DA:81,0
DA:85,0
DA:87,0
DA:88,0
DA:91,0
DA:93,0
DA:94,0
DA:98,0
DA:99,0
DA:101,0
DA:103,0
DA:106,0
DA:110,0
DA:139,0
DA:165,0
DA:224,0
DA:228,0
DA:229,0
DA:231,0
DA:286,0
DA:288,0
DA:352,0
LF:61
LH:0
BRDA:27,0,0,0
BRDA:28,1,0,0
BRDA:29,2,0,0
BRDA:48,3,0,0
BRDA:48,4,0,0
BRDA:48,4,1,0
BRDA:53,5,0,0
BRDA:53,6,0,0
BRDA:53,6,1,0
BRDA:64,7,0,0
BRDA:64,7,1,0
BRDA:76,8,0,0
BRDA:76,8,1,0
BRDA:99,9,0,0
BRDA:110,10,0,0
BRDA:115,11,0,0
BRDA:115,11,1,0
BRDA:116,12,0,0
BRDA:116,12,1,0
BRDA:122,13,0,0
BRDA:122,13,1,0
BRDA:139,14,0,0
BRDA:144,15,0,0
BRDA:144,15,1,0
BRDA:145,16,0,0
BRDA:145,16,1,0
BRDA:151,17,0,0
BRDA:151,17,1,0
BRDA:165,18,0,0
BRDA:170,19,0,0
BRDA:170,19,1,0
BRDA:171,20,0,0
BRDA:171,20,1,0
BRDA:177,21,0,0
BRDA:177,21,1,0
BRDA:198,22,0,0
BRDA:208,23,0,0
BRDA:208,23,1,0
BRDA:209,24,0,0
BRDA:209,24,1,0
BRDA:215,25,0,0
BRDA:215,25,1,0
BRDA:228,26,0,0
BRDA:228,26,1,0
BRDA:256,27,0,0
BRDA:269,28,0,0
BRDA:272,29,0,0
BRDA:282,30,0,0
BRDA:319,31,0,0
BRF:49
BRH:0
end_of_record
TN:
SF:components\ConfirmationDialog.js
FN:12,(anonymous_2)
FN:23,(anonymous_3)
FNF:2
FNH:0
FNDA:0,(anonymous_2)
FNDA:0,(anonymous_3)
DA:9,0
DA:12,0
DA:23,0
DA:24,0
DA:25,0
DA:58,0
LF:6
LH:0
BRDA:16,0,0,0
BRDA:17,1,0,0
BRDA:18,2,0,0
BRDA:19,3,0,0
BRDA:20,4,0,0
BRDA:21,5,0,0
BRF:6
BRH:0
end_of_record
TN:
SF:components\EmptyState.js
FN:4,(anonymous_2)
FNF:1
FNH:0
FNDA:0,(anonymous_2)
DA:1,0
DA:4,0
DA:64,0
LF:3
LH:0
BRDA:5,0,0,0
BRDA:6,1,0,0
BRDA:7,2,0,0
BRDA:11,3,0,0
BRDA:38,4,0,0
BRDA:38,4,1,0
BRDA:41,5,0,0
BRDA:41,5,1,0
BRDA:49,6,0,0
BRDA:49,6,1,0
BRF:10
BRH:0
end_of_record
TN:
SF:components\ErrorBoundary.js
FN:6,(anonymous_2)
FN:30,(anonymous_3)
FN:11,(anonymous_4)
FN:15,(anonymous_5)
FN:34,(anonymous_6)
FN:94,(anonymous_7)
FNF:6
FNH:0
FNDA:0,(anonymous_2)
FNDA:0,(anonymous_3)
FNDA:0,(anonymous_4)
FNDA:0,(anonymous_5)
FNDA:0,(anonymous_6)
FNDA:0,(anonymous_7)
DA:1,0
DA:2,0
DA:7,0
DA:8,0
DA:12,0
DA:16,0
DA:22,0
DA:23,0
DA:30,0
DA:31,0
DA:35,0
DA:94,0
DA:105,0
DA:109,0
LF:14
LH:0
BRDA:22,0,0,0
BRDA:35,1,0,0
BRDA:55,2,0,0
BRDA:55,2,1,0
BRDA:74,3,0,0
BRF:5
BRH:0
end_of_record
TN:
SF:components\Features.js
FN:8,(anonymous_2)
FN:107,(anonymous_3)
FNF:2
FNH:0
FNDA:0,(anonymous_2)
FNDA:0,(anonymous_3)
DA:1,0
DA:2,0
DA:3,0
DA:4,0
DA:5,0
DA:6,0
DA:8,0
DA:9,0
DA:10,0
DA:11,0
DA:13,0
DA:108,0
DA:232,0
LF:13
LH:0
BRF:0
BRH:0
end_of_record
TN:
SF:components\Footer.js
FN:12,(anonymous_2)
FN:151,(anonymous_3)
FN:255,(anonymous_4)
FNF:3
FNH:0
FNDA:0,(anonymous_2)
FNDA:0,(anonymous_3)
FNDA:0,(anonymous_4)
DA:1,0
DA:2,0
DA:3,0
DA:4,0
DA:5,0
DA:6,0
DA:7,0
DA:8,0
DA:9,0
DA:10,0
DA:12,0
DA:13,0
DA:14,0
DA:16,0
DA:24,0
DA:152,0
DA:256,0
DA:315,0
LF:18
LH:0
BRF:0
BRH:0
end_of_record
TN:
SF:components\Hero.improved.js
FN:7,(anonymous_5)
FN:11,(anonymous_6)
FN:13,(anonymous_7)
FN:14,(anonymous_8)
FN:15,(anonymous_9)
FN:18,(anonymous_10)
FN:69,(anonymous_11)
FN:78,(anonymous_12)
FN:79,(anonymous_13)
FN:80,(anonymous_14)
FN:83,(anonymous_15)
FNF:11
FNH:0
FNDA:0,(anonymous_5)
FNDA:0,(anonymous_6)
FNDA:0,(anonymous_7)
FNDA:0,(anonymous_8)
FNDA:0,(anonymous_9)
FNDA:0,(anonymous_10)
FNDA:0,(anonymous_11)
FNDA:0,(anonymous_12)
FNDA:0,(anonymous_13)
FNDA:0,(anonymous_14)
FNDA:0,(anonymous_15)
DA:1,0
DA:2,0
DA:3,0
DA:4,0
DA:7,0
DA:8,0
DA:9,0
DA:11,0
DA:12,0
DA:13,0
DA:14,0
DA:15,0
DA:18,0
DA:22,0
DA:26,0
DA:51,0
DA:69,0
DA:70,0
DA:71,0
DA:72,0
DA:73,0
DA:74,0
DA:75,0
DA:78,0
DA:79,0
DA:80,0
DA:83,0
DA:86,0
DA:87,0
DA:345,0
LF:30
LH:0
BRDA:7,0,0,0
BRDA:12,1,0,0
BRDA:108,2,0,0
BRDA:108,2,1,0
BRDA:109,3,0,0
BRDA:109,3,1,0
BRDA:112,4,0,0
BRDA:112,4,1,0
BRDA:113,5,0,0
BRDA:113,5,1,0
BRDA:114,6,0,0
BRDA:114,6,1,0
BRDA:175,7,0,0
BRDA:175,7,1,0
BRDA:176,8,0,0
BRDA:176,8,1,0
BRDA:188,9,0,0
BRDA:188,9,1,0
BRDA:194,10,0,0
BRDA:194,10,1,0
BRDA:196,11,0,0
BRDA:196,11,1,0
BRDA:197,12,0,0
BRDA:197,12,1,0
BRDA:200,13,0,0
BRDA:200,13,1,0
BRDA:210,14,0,0
BRDA:210,14,1,0
BRDA:221,15,0,0
BRDA:221,15,1,0
BRDA:224,16,0,0
BRDA:224,16,1,0
BRDA:245,17,0,0
BRDA:245,17,1,0
BRDA:247,18,0,0
BRDA:247,18,1,0
BRDA:248,19,0,0
BRDA:248,19,1,0
BRDA:256,20,0,0
BRDA:256,20,1,0
BRDA:281,21,0,0
BRDA:281,21,1,0
BRDA:282,22,0,0
BRDA:282,22,1,0
BRDA:283,23,0,0
BRDA:283,23,1,0
BRDA:286,24,0,0
BRDA:286,24,1,0
BRDA:287,25,0,0
BRDA:287,25,1,0
BRDA:288,26,0,0
BRDA:288,26,1,0
BRDA:295,27,0,0
BRDA:295,27,1,0
BRDA:296,28,0,0
BRDA:296,28,1,0
BRDA:297,29,0,0
BRDA:297,29,1,0
BRDA:298,30,0,0
BRDA:298,30,1,0
BRDA:300,31,0,0
BRDA:300,31,1,0
BRDA:308,32,0,0
BRDA:308,32,1,0
BRDA:309,33,0,0
BRDA:309,33,1,0
BRF:66
BRH:0
end_of_record
TN:
SF:components\Hero.js
FN:62,(anonymous_5)
FN:71,(anonymous_6)
FN:73,(anonymous_7)
FN:74,(anonymous_8)
FN:82,(anonymous_9)
FN:90,(anonymous_10)
FN:94,(anonymous_11)
FN:95,(anonymous_12)
FN:98,(anonymous_13)
FN:99,(anonymous_14)
FN:103,(anonymous_15)
FN:104,(anonymous_16)
FN:113,(anonymous_17)
FN:156,(anonymous_18)
FN:157,(anonymous_19)
FN:389,(anonymous_20)
FN:390,(anonymous_21)
FN:398,(anonymous_22)
FN:403,(anonymous_23)
FN:436,(anonymous_24)
FN:437,(anonymous_25)
FN:464,(anonymous_26)
FNF:22
FNH:0
FNDA:0,(anonymous_5)
FNDA:0,(anonymous_6)
FNDA:0,(anonymous_7)
FNDA:0,(anonymous_8)
FNDA:0,(anonymous_9)
FNDA:0,(anonymous_10)
FNDA:0,(anonymous_11)
FNDA:0,(anonymous_12)
FNDA:0,(anonymous_13)
FNDA:0,(anonymous_14)
FNDA:0,(anonymous_15)
FNDA:0,(anonymous_16)
FNDA:0,(anonymous_17)
FNDA:0,(anonymous_18)
FNDA:0,(anonymous_19)
FNDA:0,(anonymous_20)
FNDA:0,(anonymous_21)
FNDA:0,(anonymous_22)
FNDA:0,(anonymous_23)
FNDA:0,(anonymous_24)
FNDA:0,(anonymous_25)
FNDA:0,(anonymous_26)
DA:1,0
DA:2,0
DA:3,0
DA:4,0
DA:7,0
DA:62,0
DA:63,0
DA:64,0
DA:65,0
DA:66,0
DA:67,0
DA:68,0
DA:71,0
DA:72,0
DA:73,0
DA:74,0
DA:77,0
DA:78,0
DA:82,0
DA:83,0
DA:84,0
DA:90,0
DA:91,0
DA:94,0
DA:95,0
DA:98,0
DA:99,0
DA:103,0
DA:104,0
DA:105,0
DA:106,0
DA:107,0
DA:108,0
DA:112,0
DA:113,0
DA:116,0
DA:156,0
DA:157,0
DA:389,0
DA:390,0
DA:399,0
DA:403,0
DA:436,0
DA:437,0
DA:464,0
DA:485,0
LF:46
LH:0
BRDA:72,0,0,0
BRDA:72,0,1,0
BRDA:72,1,0,0
BRDA:72,1,1,0
BRDA:77,2,0,0
BRDA:83,3,0,0
BRDA:105,4,0,0
BRDA:105,4,1,0
BRDA:107,5,0,0
BRDA:405,6,0,0
BRDA:405,6,1,0
BRDA:406,7,0,0
BRDA:406,7,1,0
BRDA:409,8,0,0
BRDA:409,8,1,0
BRDA:475,9,0,0
BRDA:475,9,1,0
BRDA:477,10,0,0
BRDA:477,10,1,0
BRDA:478,11,0,0
BRDA:478,11,1,0
BRF:21
BRH:0
end_of_record
TN:
SF:components\HeroGradient.js
FN:31,(anonymous_5)
FN:37,(anonymous_6)
FN:38,(anonymous_7)
FN:39,(anonymous_8)
FN:42,(anonymous_9)
FN:246,(anonymous_10)
FNF:6
FNH:0
FNDA:0,(anonymous_5)
FNDA:0,(anonymous_6)
FNDA:0,(anonymous_7)
FNDA:0,(anonymous_8)
FNDA:0,(anonymous_9)
FNDA:0,(anonymous_10)
DA:1,0
DA:2,0
DA:3,0
DA:4,0
DA:7,0
DA:31,0
DA:32,0
DA:33,0
DA:34,0
DA:37,0
DA:38,0
DA:39,0
DA:42,0
DA:45,0
DA:247,0
DA:296,0
LF:16
LH:0
BRF:0
BRH:0
end_of_record
TN:
SF:components\HeroImage.js
FNF:0
FNH:0
DA:1,0
DA:2,0
DA:3,0
DA:4,0
LF:4
LH:0
BRF:0
BRH:0
end_of_record
TN:
SF:components\LazyComponent.js
FN:5,(anonymous_5)
FN:57,(anonymous_8)
FN:62,(anonymous_9)
FN:66,(anonymous_10)
FN:71,(anonymous_11)
FN:81,(anonymous_12)
FN:88,(anonymous_13)
FN:89,(anonymous_14)
FN:90,(anonymous_15)
FN:105,(anonymous_17)
FN:106,(anonymous_18)
FN:107,(anonymous_19)
FNF:12
FNH:0
FNDA:0,(anonymous_5)
FNDA:0,(anonymous_8)
FNDA:0,(anonymous_9)
FNDA:0,(anonymous_10)
FNDA:0,(anonymous_11)
FNDA:0,(anonymous_12)
FNDA:0,(anonymous_13)
FNDA:0,(anonymous_14)
FNDA:0,(anonymous_15)
FNDA:0,(anonymous_17)
FNDA:0,(anonymous_18)
FNDA:0,(anonymous_19)
DA:1,0
DA:2,0
DA:5,0
DA:11,0
DA:58,0
DA:59,0
DA:63,0
DA:67,0
DA:72,0
DA:73,0
DA:76,0
DA:81,0
DA:82,0
DA:84,0
DA:88,0
DA:89,0
DA:90,0
DA:91,0
DA:93,0
DA:105,0
DA:106,0
DA:107,0
DA:108,0
DA:109,0
DA:121,0
LF:25
LH:0
BRDA:7,0,0,0
BRDA:8,1,0,0
BRDA:14,2,0,0
BRDA:30,3,0,0
BRDA:72,4,0,0
BRDA:84,5,0,0
BRDA:84,5,1,0
BRF:7
BRH:0
end_of_record
TN:
SF:components\LazyImage.js
FN:4,(anonymous_1)
FN:17,(anonymous_2)
FN:19,(anonymous_3)
FN:32,(anonymous_4)
FN:35,(anonymous_5)
FNF:5
FNH:0
FNDA:0,(anonymous_1)
FNDA:0,(anonymous_2)
FNDA:0,(anonymous_3)
FNDA:0,(anonymous_4)
FNDA:0,(anonymous_5)
DA:1,0
DA:2,0
DA:4,0
DA:13,0
DA:14,0
DA:15,0
DA:17,0
DA:18,0
DA:20,0
DA:21,0
DA:22,0
DA:28,0
DA:29,0
DA:32,0
DA:35,0
DA:36,0
DA:93,0
LF:17
LH:0
BRDA:20,0,0,0
BRDA:28,1,0,0
BRDA:44,2,0,0
BRDA:44,2,1,0
BRDA:45,3,0,0
BRDA:45,3,1,0
BRDA:55,4,0,0
BRDA:70,5,0,0
BRDA:70,5,1,0
BRDA:74,6,0,0
BRDA:84,7,0,0
BRDA:84,7,1,0
BRF:12
BRH:0
end_of_record
TN:
SF:components\Navigation.fixed.js
FN:26,(anonymous_5)
FN:48,(anonymous_6)
FN:53,(anonymous_7)
FN:56,(anonymous_8)
FN:62,(anonymous_9)
FN:63,(anonymous_10)
FN:90,(anonymous_11)
FN:94,(anonymous_12)
FN:99,(anonymous_13)
FN:119,(anonymous_14)
FN:222,(anonymous_15)
FN:227,(anonymous_16)
FN:363,(anonymous_17)
FN:372,(anonymous_18)
FNF:14
FNH:0
FNDA:0,(anonymous_5)
FNDA:0,(anonymous_6)
FNDA:0,(anonymous_7)
FNDA:0,(anonymous_8)
FNDA:0,(anonymous_9)
FNDA:0,(anonymous_10)
FNDA:0,(anonymous_11)
FNDA:0,(anonymous_12)
FNDA:0,(anonymous_13)
FNDA:0,(anonymous_14)
FNDA:0,(anonymous_15)
FNDA:0,(anonymous_16)
FNDA:0,(anonymous_17)
FNDA:0,(anonymous_18)
DA:1,0
DA:17,0
DA:18,0
DA:19,0
DA:20,0
DA:21,0
DA:22,0
DA:23,0
DA:24,0
DA:26,0
DA:27,0
DA:28,0
DA:29,0
DA:30,0
DA:31,0
DA:32,0
DA:33,0
DA:34,0
DA:37,0
DA:48,0
DA:49,0
DA:53,0
DA:54,0
DA:56,0
DA:58,0
DA:61,0
DA:62,0
DA:63,0
DA:66,0
DA:67,0
DA:68,0
DA:69,0
DA:71,0
DA:72,0
DA:73,0
DA:76,0
DA:77,0
DA:78,0
DA:79,0
DA:80,0
DA:81,0
DA:82,0
DA:88,0
DA:89,0
DA:90,0
DA:94,0
DA:95,0
DA:99,0
DA:100,0
DA:102,0
DA:103,0
DA:104,0
DA:105,0
DA:106,0
DA:113,0
DA:114,0
DA:119,0
DA:120,0
DA:122,0
DA:123,0
DA:126,0
DA:127,0
DA:130,0
DA:131,0
DA:134,0
DA:223,0
DA:227,0
DA:364,0
DA:372,0
DA:414,0
LF:70
LH:0
BRDA:54,0,0,0
BRDA:67,1,0,0
BRDA:71,2,0,0
BRDA:71,3,0,0
BRDA:71,3,1,0
BRDA:78,4,0,0
BRDA:80,5,0,0
BRDA:80,6,0,0
BRDA:80,6,1,0
BRDA:100,7,0,0
BRDA:102,8,0,0
BRDA:105,9,0,0
BRDA:113,10,0,0
BRDA:120,11,0,0
BRDA:122,12,0,0
BRDA:126,13,0,0
BRDA:127,14,0,0
BRDA:127,14,1,0
BRDA:130,15,0,0
BRDA:144,16,0,0
BRDA:144,16,1,0
BRDA:148,17,0,0
BRDA:148,17,1,0
BRDA:190,18,0,0
BRDA:190,18,1,0
BRDA:191,19,0,0
BRDA:191,19,1,0
BRDA:225,20,0,0
BRDA:225,20,1,0
BRDA:226,21,0,0
BRDA:226,21,1,0
BRDA:227,22,0,0
BRDA:227,22,1,0
BRDA:229,23,0,0
BRDA:229,23,1,0
BRDA:232,24,0,0
BRDA:232,24,1,0
BRDA:246,25,0,0
BRDA:246,25,1,0
BRDA:370,26,0,0
BRDA:370,26,1,0
BRDA:371,27,0,0
BRDA:371,27,1,0
BRDA:372,28,0,0
BRDA:372,28,1,0
BRDA:376,29,0,0
BRDA:376,29,1,0
BRDA:379,30,0,0
BRDA:379,30,1,0
BRF:49
BRH:0
end_of_record
TN:
SF:components\Navigation.improved.js
FN:32,(anonymous_5)
FN:34,(anonymous_6)
FN:38,(anonymous_7)
FN:43,(anonymous_8)
FN:74,(anonymous_9)
FN:80,(anonymous_10)
FN:86,(anonymous_11)
FN:87,(anonymous_12)
FN:121,(anonymous_13)
FN:127,(anonymous_14)
FN:133,(anonymous_15)
FN:138,(anonymous_16)
FN:166,(anonymous_17)
FN:296,(anonymous_18)
FN:301,(anonymous_19)
FN:356,(anonymous_20)
FN:509,(anonymous_21)
FN:514,(anonymous_22)
FN:554,(anonymous_23)
FNF:19
FNH:0
FNDA:0,(anonymous_5)
FNDA:0,(anonymous_6)
FNDA:0,(anonymous_7)
FNDA:0,(anonymous_8)
FNDA:0,(anonymous_9)
FNDA:0,(anonymous_10)
FNDA:0,(anonymous_11)
FNDA:0,(anonymous_12)
FNDA:0,(anonymous_13)
FNDA:0,(anonymous_14)
FNDA:0,(anonymous_15)
FNDA:0,(anonymous_16)
FNDA:0,(anonymous_17)
FNDA:0,(anonymous_18)
FNDA:0,(anonymous_19)
FNDA:0,(anonymous_20)
FNDA:0,(anonymous_21)
FNDA:0,(anonymous_22)
FNDA:0,(anonymous_23)
DA:1,0
DA:21,0
DA:22,0
DA:23,0
DA:24,0
DA:25,0
DA:26,0
DA:27,0
DA:28,0
DA:29,0
DA:32,0
DA:34,0
DA:35,0
DA:36,0
DA:37,0
DA:38,0
DA:43,0
DA:44,0
DA:45,0
DA:46,0
DA:47,0
DA:48,0
DA:49,0
DA:50,0
DA:51,0
DA:54,0
DA:60,0
DA:68,0
DA:74,0
DA:75,0
DA:79,0
DA:81,0
DA:83,0
DA:85,0
DA:86,0
DA:87,0
DA:90,0
DA:91,0
DA:92,0
DA:94,0
DA:95,0
DA:96,0
DA:100,0
DA:101,0
DA:102,0
DA:103,0
DA:104,0
DA:105,0
DA:106,0
DA:107,0
DA:108,0
DA:112,0
DA:114,0
DA:121,0
DA:122,0
DA:124,0
DA:125,0
DA:127,0
DA:128,0
DA:133,0
DA:134,0
DA:138,0
DA:139,0
DA:141,0
DA:142,0
DA:143,0
DA:144,0
DA:145,0
DA:146,0
DA:147,0
DA:149,0
DA:155,0
DA:160,0
DA:161,0
DA:166,0
DA:167,0
DA:169,0
DA:170,0
DA:173,0
DA:174,0
DA:177,0
DA:178,0
DA:181,0
DA:185,0
DA:191,0
DA:297,0
DA:301,0
DA:357,0
DA:510,0
DA:514,0
DA:555,0
DA:612,0
LF:92
LH:0
BRDA:35,0,0,0
BRDA:81,1,0,0
BRDA:90,2,0,0
BRDA:94,3,0,0
BRDA:94,4,0,0
BRDA:94,4,1,0
BRDA:103,5,0,0
BRDA:106,6,0,0
BRDA:106,7,0,0
BRDA:106,7,1,0
BRDA:122,8,0,0
BRDA:139,9,0,0
BRDA:141,10,0,0
BRDA:145,11,0,0
BRDA:146,12,0,0
BRDA:146,12,1,0
BRDA:160,13,0,0
BRDA:167,14,0,0
BRDA:169,15,0,0
BRDA:173,16,0,0
BRDA:174,17,0,0
BRDA:174,17,1,0
BRDA:177,18,0,0
BRDA:205,19,0,0
BRDA:205,19,1,0
BRDA:207,20,0,0
BRDA:207,20,1,0
BRDA:211,21,0,0
BRDA:211,21,1,0
BRDA:250,22,0,0
BRDA:250,22,1,0
BRDA:251,23,0,0
BRDA:251,23,1,0
BRDA:267,24,0,0
BRDA:267,24,1,0
BRDA:299,25,0,0
BRDA:299,25,1,0
BRDA:300,26,0,0
BRDA:300,26,1,0
BRDA:301,27,0,0
BRDA:301,27,1,0
BRDA:303,28,0,0
BRDA:303,28,1,0
BRDA:304,29,0,0
BRDA:304,29,1,0
BRDA:305,30,0,0
BRDA:305,30,1,0
BRDA:306,31,0,0
BRDA:306,31,1,0
BRDA:315,32,0,0
BRDA:315,32,1,0
BRDA:319,33,0,0
BRDA:319,33,1,0
BRDA:320,34,0,0
BRDA:320,34,1,0
BRDA:321,35,0,0
BRDA:321,35,1,0
BRDA:323,36,0,0
BRDA:323,36,1,0
BRDA:331,37,0,0
BRDA:331,37,1,0
BRDA:361,38,0,0
BRDA:361,38,1,0
BRDA:363,39,0,0
BRDA:363,39,1,0
BRDA:370,40,0,0
BRDA:370,40,1,0
BRDA:387,41,0,0
BRDA:387,41,1,0
BRDA:388,42,0,0
BRDA:388,42,1,0
BRDA:395,43,0,0
BRDA:395,43,1,0
BRDA:425,44,0,0
BRDA:425,44,1,0
BRDA:430,45,0,0
BRDA:430,45,1,0
BRDA:512,46,0,0
BRDA:512,46,1,0
BRDA:513,47,0,0
BRDA:513,47,1,0
BRDA:514,48,0,0
BRDA:514,48,1,0
BRDA:518,49,0,0
BRDA:518,49,1,0
BRDA:519,50,0,0
BRDA:519,50,1,0
BRDA:532,51,0,0
BRDA:532,51,1,0
BRDA:559,52,0,0
BRDA:559,52,1,0
BRF:91
BRH:0
end_of_record
TN:
SF:components\Navigation.js
FN:32,(anonymous_5)
FN:34,(anonymous_6)
FN:38,(anonymous_7)
FN:43,(anonymous_8)
FN:74,(anonymous_9)
FN:80,(anonymous_10)
FN:86,(anonymous_11)
FN:87,(anonymous_12)
FN:121,(anonymous_13)
FN:127,(anonymous_14)
FN:133,(anonymous_15)
FN:138,(anonymous_16)
FN:166,(anonymous_17)
FN:296,(anonymous_18)
FN:301,(anonymous_19)
FN:356,(anonymous_20)
FN:509,(anonymous_21)
FN:514,(anonymous_22)
FN:554,(anonymous_23)
FNF:19
FNH:0
FNDA:0,(anonymous_5)
FNDA:0,(anonymous_6)
FNDA:0,(anonymous_7)
FNDA:0,(anonymous_8)
FNDA:0,(anonymous_9)
FNDA:0,(anonymous_10)
FNDA:0,(anonymous_11)
FNDA:0,(anonymous_12)
FNDA:0,(anonymous_13)
FNDA:0,(anonymous_14)
FNDA:0,(anonymous_15)
FNDA:0,(anonymous_16)
FNDA:0,(anonymous_17)
FNDA:0,(anonymous_18)
FNDA:0,(anonymous_19)
FNDA:0,(anonymous_20)
FNDA:0,(anonymous_21)
FNDA:0,(anonymous_22)
FNDA:0,(anonymous_23)
DA:1,0
DA:21,0
DA:22,0
DA:23,0
DA:24,0
DA:25,0
DA:26,0
DA:27,0
DA:28,0
DA:29,0
DA:32,0
DA:34,0
DA:35,0
DA:36,0
DA:37,0
DA:38,0
DA:43,0
DA:44,0
DA:45,0
DA:46,0
DA:47,0
DA:48,0
DA:49,0
DA:50,0
DA:51,0
DA:54,0
DA:60,0
DA:68,0
DA:74,0
DA:75,0
DA:79,0
DA:81,0
DA:83,0
DA:85,0
DA:86,0
DA:87,0
DA:90,0
DA:91,0
DA:92,0
DA:94,0
DA:95,0
DA:96,0
DA:100,0
DA:101,0
DA:102,0
DA:103,0
DA:104,0
DA:105,0
DA:106,0
DA:107,0
DA:108,0
DA:112,0
DA:114,0
DA:121,0
DA:122,0
DA:124,0
DA:125,0
DA:127,0
DA:128,0
DA:133,0
DA:134,0
DA:138,0
DA:139,0
DA:141,0
DA:142,0
DA:143,0
DA:144,0
DA:145,0
DA:146,0
DA:147,0
DA:149,0
DA:155,0
DA:160,0
DA:161,0
DA:166,0
DA:167,0
DA:169,0
DA:170,0
DA:173,0
DA:174,0
DA:177,0
DA:178,0
DA:181,0
DA:185,0
DA:191,0
DA:297,0
DA:301,0
DA:357,0
DA:510,0
DA:514,0
DA:555,0
DA:612,0
LF:92
LH:0
BRDA:35,0,0,0
BRDA:81,1,0,0
BRDA:90,2,0,0
BRDA:94,3,0,0
BRDA:94,4,0,0
BRDA:94,4,1,0
BRDA:103,5,0,0
BRDA:106,6,0,0
BRDA:106,7,0,0
BRDA:106,7,1,0
BRDA:122,8,0,0
BRDA:139,9,0,0
BRDA:141,10,0,0
BRDA:145,11,0,0
BRDA:146,12,0,0
BRDA:146,12,1,0
BRDA:160,13,0,0
BRDA:167,14,0,0
BRDA:169,15,0,0
BRDA:173,16,0,0
BRDA:174,17,0,0
BRDA:174,17,1,0
BRDA:177,18,0,0
BRDA:205,19,0,0
BRDA:205,19,1,0
BRDA:207,20,0,0
BRDA:207,20,1,0
BRDA:211,21,0,0
BRDA:211,21,1,0
BRDA:250,22,0,0
BRDA:250,22,1,0
BRDA:251,23,0,0
BRDA:251,23,1,0
BRDA:267,24,0,0
BRDA:267,24,1,0
BRDA:299,25,0,0
BRDA:299,25,1,0
BRDA:300,26,0,0
BRDA:300,26,1,0
BRDA:301,27,0,0
BRDA:301,27,1,0
BRDA:303,28,0,0
BRDA:303,28,1,0
BRDA:304,29,0,0
BRDA:304,29,1,0
BRDA:305,30,0,0
BRDA:305,30,1,0
BRDA:306,31,0,0
BRDA:306,31,1,0
BRDA:315,32,0,0
BRDA:315,32,1,0
BRDA:319,33,0,0
BRDA:319,33,1,0
BRDA:320,34,0,0
BRDA:320,34,1,0
BRDA:321,35,0,0
BRDA:321,35,1,0
BRDA:323,36,0,0
BRDA:323,36,1,0
BRDA:331,37,0,0
BRDA:331,37,1,0
BRDA:361,38,0,0
BRDA:361,38,1,0
BRDA:363,39,0,0
BRDA:363,39,1,0
BRDA:370,40,0,0
BRDA:370,40,1,0
BRDA:387,41,0,0
BRDA:387,41,1,0
BRDA:388,42,0,0
BRDA:388,42,1,0
BRDA:395,43,0,0
BRDA:395,43,1,0
BRDA:425,44,0,0
BRDA:425,44,1,0
BRDA:430,45,0,0
BRDA:430,45,1,0
BRDA:512,46,0,0
BRDA:512,46,1,0
BRDA:513,47,0,0
BRDA:513,47,1,0
BRDA:514,48,0,0
BRDA:514,48,1,0
BRDA:518,49,0,0
BRDA:518,49,1,0
BRDA:519,50,0,0
BRDA:519,50,1,0
BRDA:532,51,0,0
BRDA:532,51,1,0
BRDA:559,52,0,0
BRDA:559,52,1,0
BRF:91
BRH:0
end_of_record
TN:
SF:components\Navigation.simple.js
FN:26,(anonymous_5)
FN:48,(anonymous_6)
FN:53,(anonymous_7)
FN:56,(anonymous_8)
FN:62,(anonymous_9)
FN:63,(anonymous_10)
FN:90,(anonymous_11)
FN:94,(anonymous_12)
FN:99,(anonymous_13)
FN:119,(anonymous_14)
FN:213,(anonymous_15)
FN:218,(anonymous_16)
FN:354,(anonymous_17)
FN:363,(anonymous_18)
FNF:14
FNH:0
FNDA:0,(anonymous_5)
FNDA:0,(anonymous_6)
FNDA:0,(anonymous_7)
FNDA:0,(anonymous_8)
FNDA:0,(anonymous_9)
FNDA:0,(anonymous_10)
FNDA:0,(anonymous_11)
FNDA:0,(anonymous_12)
FNDA:0,(anonymous_13)
FNDA:0,(anonymous_14)
FNDA:0,(anonymous_15)
FNDA:0,(anonymous_16)
FNDA:0,(anonymous_17)
FNDA:0,(anonymous_18)
DA:1,0
DA:17,0
DA:18,0
DA:19,0
DA:20,0
DA:21,0
DA:22,0
DA:23,0
DA:24,0
DA:26,0
DA:27,0
DA:28,0
DA:29,0
DA:30,0
DA:31,0
DA:32,0
DA:33,0
DA:34,0
DA:37,0
DA:48,0
DA:49,0
DA:53,0
DA:54,0
DA:56,0
DA:58,0
DA:61,0
DA:62,0
DA:63,0
DA:66,0
DA:67,0
DA:68,0
DA:69,0
DA:71,0
DA:72,0
DA:73,0
DA:76,0
DA:77,0
DA:78,0
DA:79,0
DA:80,0
DA:81,0
DA:82,0
DA:88,0
DA:89,0
DA:90,0
DA:94,0
DA:95,0
DA:99,0
DA:100,0
DA:102,0
DA:103,0
DA:104,0
DA:105,0
DA:106,0
DA:113,0
DA:114,0
DA:119,0
DA:120,0
DA:122,0
DA:123,0
DA:126,0
DA:127,0
DA:130,0
DA:131,0
DA:134,0
DA:214,0
DA:218,0
DA:355,0
DA:363,0
DA:405,0
LF:70
LH:0
BRDA:54,0,0,0
BRDA:67,1,0,0
BRDA:71,2,0,0
BRDA:71,3,0,0
BRDA:71,3,1,0
BRDA:78,4,0,0
BRDA:80,5,0,0
BRDA:80,6,0,0
BRDA:80,6,1,0
BRDA:100,7,0,0
BRDA:102,8,0,0
BRDA:105,9,0,0
BRDA:113,10,0,0
BRDA:120,11,0,0
BRDA:122,12,0,0
BRDA:126,13,0,0
BRDA:127,14,0,0
BRDA:127,14,1,0
BRDA:130,15,0,0
BRDA:144,16,0,0
BRDA:144,16,1,0
BRDA:148,17,0,0
BRDA:148,17,1,0
BRDA:182,18,0,0
BRDA:182,18,1,0
BRDA:183,19,0,0
BRDA:183,19,1,0
BRDA:216,20,0,0
BRDA:216,20,1,0
BRDA:217,21,0,0
BRDA:217,21,1,0
BRDA:218,22,0,0
BRDA:218,22,1,0
BRDA:220,23,0,0
BRDA:220,23,1,0
BRDA:223,24,0,0
BRDA:223,24,1,0
BRDA:237,25,0,0
BRDA:237,25,1,0
BRDA:361,26,0,0
BRDA:361,26,1,0
BRDA:362,27,0,0
BRDA:362,27,1,0
BRDA:363,28,0,0
BRDA:363,28,1,0
BRDA:367,29,0,0
BRDA:367,29,1,0
BRDA:370,30,0,0
BRDA:370,30,1,0
BRF:49
BRH:0
end_of_record
TN:
SF:components\Newsletter.js
FN:8,(anonymous_5)
FN:17,(anonymous_6)
FN:22,(anonymous_7)
FN:27,(anonymous_8)
FN:43,(anonymous_9)
FN:49,(anonymous_10)
FN:55,(anonymous_11)
FNF:7
FNH:0
FNDA:0,(anonymous_5)
FNDA:0,(anonymous_6)
FNDA:0,(anonymous_7)
FNDA:0,(anonymous_8)
FNDA:0,(anonymous_9)
FNDA:0,(anonymous_10)
FNDA:0,(anonymous_11)
DA:1,0
DA:2,0
DA:3,0
DA:4,0
DA:5,0
DA:6,0
DA:8,0
DA:9,0
DA:10,0
DA:11,0
DA:12,0
DA:13,0
DA:14,0
DA:15,0
DA:17,0
DA:18,0
DA:19,0
DA:22,0
DA:23,0
DA:24,0
DA:27,0
DA:28,0
DA:30,0
DA:31,0
DA:32,0
DA:35,0
DA:36,0
DA:37,0
DA:40,0
DA:43,0
DA:44,0
DA:45,0
DA:46,0
DA:49,0
DA:50,0
DA:55,0
DA:56,0
DA:57,0
DA:375,0
LF:39
LH:0
BRDA:24,0,0,0
BRDA:30,1,0,0
BRDA:35,2,0,0
BRDA:303,3,0,0
BRDA:303,3,1,0
BRF:5
BRH:0
end_of_record
TN:
SF:components\OfflineIndicator.js
FN:26,(anonymous_5)
FN:42,(anonymous_6)
FN:49,(anonymous_7)
FN:51,(anonymous_8)
FN:54,(anonymous_9)
FN:58,(anonymous_10)
FN:89,(anonymous_11)
FN:98,(anonymous_12)
FN:154,(anonymous_13)
FN:279,(anonymous_14)
FN:283,(anonymous_15)
FNF:11
FNH:0
FNDA:0,(anonymous_5)
FNDA:0,(anonymous_6)
FNDA:0,(anonymous_7)
FNDA:0,(anonymous_8)
FNDA:0,(anonymous_9)
FNDA:0,(anonymous_10)
FNDA:0,(anonymous_11)
FNDA:0,(anonymous_12)
FNDA:0,(anonymous_13)
FNDA:0,(anonymous_14)
FNDA:0,(anonymous_15)
DA:1,0
DA:14,0
DA:24,0
DA:26,0
DA:27,0
DA:34,0
DA:36,0
DA:37,0
DA:38,0
DA:39,0
DA:42,0
DA:43,0
DA:44,0
DA:49,0
DA:50,0
DA:51,0
DA:54,0
DA:58,0
DA:59,0
DA:61,0
DA:63,0
DA:68,0
DA:69,0
DA:74,0
DA:76,0
DA:79,0
DA:85,0
DA:89,0
DA:90,0
DA:91,0
DA:98,0
DA:99,0
DA:101,0
DA:102,0
DA:103,0
DA:105,0
DA:106,0
DA:108,0
DA:109,0
DA:111,0
DA:112,0
DA:116,0
DA:117,0
DA:154,0
DA:279,0
DA:283,0
DA:294,0
LF:47
LH:0
BRDA:26,0,0,0
BRDA:26,1,0,0
BRDA:43,2,0,0
BRDA:50,3,0,0
BRDA:50,4,0,0
BRDA:50,4,1,0
BRDA:50,4,2,0
BRDA:68,5,0,0
BRDA:68,5,1,0
BRDA:99,6,0,0
BRDA:105,7,0,0
BRDA:106,8,0,0
BRDA:109,9,0,0
BRDA:116,10,0,0
BRDA:116,11,0,0
BRDA:116,11,1,0
BRDA:133,12,0,0
BRDA:133,12,1,0
BRDA:142,13,0,0
BRDA:147,14,0,0
BRDA:147,14,1,0
BRDA:151,15,0,0
BRDA:157,16,0,0
BRDA:157,16,1,0
BRDA:163,17,0,0
BRDA:163,17,1,0
BRDA:166,18,0,0
BRDA:166,18,1,0
BRDA:175,19,0,0
BRDA:181,20,0,0
BRDA:181,20,1,0
BRDA:188,21,0,0
BRDA:188,21,1,0
BRDA:229,22,0,0
BRDA:240,23,0,0
BRDA:252,24,0,0
BRF:36
BRH:0
end_of_record
TN:
SF:components\OrderActions.js
FN:21,(anonymous_5)
FN:28,(anonymous_6)
FN:32,(anonymous_7)
FN:36,(anonymous_8)
FN:59,(anonymous_9)
FN:75,(anonymous_10)
FN:112,(anonymous_11)
FN:117,(anonymous_12)
FNF:8
FNH:0
FNDA:0,(anonymous_5)
FNDA:0,(anonymous_6)
FNDA:0,(anonymous_7)
FNDA:0,(anonymous_8)
FNDA:0,(anonymous_9)
FNDA:0,(anonymous_10)
FNDA:0,(anonymous_11)
FNDA:0,(anonymous_12)
DA:1,0
DA:13,0
DA:14,0
DA:15,0
DA:16,0
DA:17,0
DA:18,0
DA:19,0
DA:21,0
DA:22,0
DA:23,0
DA:24,0
DA:25,0
DA:26,0
DA:28,0
DA:29,0
DA:32,0
DA:33,0
DA:36,0
DA:37,0
DA:40,0
DA:43,0
DA:49,0
DA:50,0
DA:56,0
DA:59,0
DA:61,0
DA:63,0
DA:64,0
DA:66,0
DA:72,0
DA:75,0
DA:76,0
DA:77,0
DA:82,0
DA:83,0
DA:86,0
DA:87,0
DA:88,0
DA:89,0
DA:90,0
DA:91,0
DA:92,0
DA:93,0
DA:94,0
DA:96,0
DA:102,0
DA:103,0
DA:109,0
DA:112,0
DA:113,0
DA:114,0
DA:117,0
DA:118,0
DA:121,0
DA:122,0
DA:225,0
LF:57
LH:0
BRDA:61,0,0,0
BRDA:61,0,1,0
BRDA:82,1,0,0
BRDA:121,2,0,0
BRDA:121,2,1,0
BRDA:122,3,0,0
BRDA:122,3,1,0
BRDA:142,4,0,0
BRDA:154,5,0,0
BRDA:154,5,1,0
BRF:10
BRH:0
end_of_record
TN:
SF:components\OrderCard.js
FN:17,(anonymous_2)
FN:24,(anonymous_3)
FN:32,(anonymous_4)
FN:54,(anonymous_5)
FNF:4
FNH:0
FNDA:0,(anonymous_2)
FNDA:0,(anonymous_3)
FNDA:0,(anonymous_4)
FNDA:0,(anonymous_5)
DA:1,0
DA:12,0
DA:13,0
DA:14,0
DA:15,0
DA:17,0
DA:18,0
DA:19,0
DA:20,0
DA:22,0
DA:24,0
DA:25,0
DA:32,0
DA:33,0
DA:54,0
DA:124,0
LF:16
LH:0
BRDA:107,0,0,0
BRDA:107,0,1,0
BRF:2
BRH:0
end_of_record
TN:
SF:components\OrderDetailsModal.js
FN:28,(anonymous_5)
FN:37,(anonymous_6)
FN:43,(anonymous_7)
FN:62,(anonymous_8)
FN:72,(anonymous_9)
FN:76,(anonymous_10)
FN:122,(anonymous_11)
FN:168,(anonymous_12)
FN:307,(anonymous_13)
FN:348,(anonymous_14)
FNF:10
FNH:0
FNDA:0,(anonymous_5)
FNDA:0,(anonymous_6)
FNDA:0,(anonymous_7)
FNDA:0,(anonymous_8)
FNDA:0,(anonymous_9)
FNDA:0,(anonymous_10)
FNDA:0,(anonymous_11)
FNDA:0,(anonymous_12)
FNDA:0,(anonymous_13)
FNDA:0,(anonymous_14)
DA:1,0
DA:22,0
DA:23,0
DA:24,0
DA:25,0
DA:26,0
DA:28,0
DA:29,0
DA:30,0
DA:31,0
DA:32,0
DA:33,0
DA:34,0
DA:35,0
DA:37,0
DA:38,0
DA:39,0
DA:43,0
DA:44,0
DA:45,0
DA:47,0
DA:48,0
DA:49,0
DA:50,0
DA:52,0
DA:53,0
DA:55,0
DA:56,0
DA:58,0
DA:62,0
DA:63,0
DA:72,0
DA:73,0
DA:76,0
DA:77,0
DA:79,0
DA:80,0
DA:81,0
DA:86,0
DA:87,0
DA:91,0
DA:92,0
DA:95,0
DA:96,0
DA:97,0
DA:98,0
DA:99,0
DA:102,0
DA:103,0
DA:105,0
DA:111,0
DA:112,0
DA:118,0
DA:122,0
DA:123,0
DA:125,0
DA:126,0
DA:127,0
DA:132,0
DA:133,0
DA:137,0
DA:138,0
DA:141,0
DA:142,0
DA:143,0
DA:144,0
DA:145,0
DA:148,0
DA:149,0
DA:151,0
DA:157,0
DA:158,0
DA:164,0
DA:168,0
DA:169,0
DA:172,0
DA:186,0
DA:198,0
DA:308,0
DA:349,0
DA:452,0
LF:81
LH:0
BRDA:38,0,0,0
BRDA:38,1,0,0
BRDA:38,1,1,0
BRDA:49,2,0,0
BRDA:77,3,0,0
BRDA:86,4,0,0
BRDA:123,5,0,0
BRDA:132,6,0,0
BRDA:177,7,0,0
BRDA:177,7,1,0
BRDA:186,8,0,0
BRDA:198,9,0,0
BRDA:198,10,0,0
BRDA:198,10,1,0
BRDA:204,11,0,0
BRDA:204,11,1,0
BRDA:245,12,0,0
BRDA:245,12,1,0
BRDA:255,13,0,0
BRDA:255,13,1,0
BRDA:284,14,0,0
BRDA:284,14,1,0
BRDA:287,15,0,0
BRDA:293,16,0,0
BRDA:293,16,1,0
BRDA:306,17,0,0
BRDA:305,18,0,0
BRDA:305,18,1,0
BRDA:308,19,0,0
BRDA:308,19,1,0
BRDA:315,20,0,0
BRDA:348,21,0,0
BRDA:348,21,1,0
BRDA:355,22,0,0
BRDA:360,23,0,0
BRDA:378,24,0,0
BRDA:390,25,0,0
BRDA:390,25,1,0
BRDA:398,26,0,0
BRDA:398,26,1,0
BRDA:414,27,0,0
BRDA:414,27,1,0
BRF:42
BRH:0
end_of_record
TN:
SF:components\OrderFilters.js
FN:26,(anonymous_5)
FN:50,(anonymous_6)
FN:54,(anonymous_7)
FN:58,(anonymous_8)
FN:63,(anonymous_9)
FN:80,(anonymous_11)
FN:94,(anonymous_12)
FN:96,(anonymous_13)
FN:113,(anonymous_14)
FN:126,(anonymous_15)
FN:139,(anonymous_16)
FN:152,(anonymous_17)
FN:164,(anonymous_18)
FN:166,(anonymous_19)
FN:202,(anonymous_20)
FN:219,(anonymous_21)
FN:230,(anonymous_22)
FN:254,(anonymous_23)
FNF:18
FNH:0
FNDA:0,(anonymous_5)
FNDA:0,(anonymous_6)
FNDA:0,(anonymous_7)
FNDA:0,(anonymous_8)
FNDA:0,(anonymous_9)
FNDA:0,(anonymous_11)
FNDA:0,(anonymous_12)
FNDA:0,(anonymous_13)
FNDA:0,(anonymous_14)
FNDA:0,(anonymous_15)
FNDA:0,(anonymous_16)
FNDA:0,(anonymous_17)
FNDA:0,(anonymous_18)
FNDA:0,(anonymous_19)
FNDA:0,(anonymous_20)
FNDA:0,(anonymous_21)
FNDA:0,(anonymous_22)
FNDA:0,(anonymous_23)
DA:1,0
DA:19,0
DA:20,0
DA:21,0
DA:22,0
DA:23,0
DA:24,0
DA:26,0
DA:27,0
DA:28,0
DA:29,0
DA:30,0
DA:31,0
DA:33,0
DA:43,0
DA:50,0
DA:51,0
DA:54,0
DA:55,0
DA:58,0
DA:59,0
DA:60,0
DA:63,0
DA:64,0
DA:65,0
DA:66,0
DA:67,0
DA:68,0
DA:69,0
DA:70,0
DA:80,0
DA:94,0
DA:97,0
DA:113,0
DA:126,0
DA:139,0
DA:152,0
DA:164,0
DA:167,0
DA:202,0
DA:212,0
DA:219,0
DA:230,0
DA:254,0
DA:282,0
LF:45
LH:0
BRDA:26,0,0,0
BRDA:59,1,0,0
BRDA:59,1,1,0
BRDA:65,2,0,0
BRDA:66,3,0,0
BRDA:67,4,0,0
BRDA:68,5,0,0
BRDA:69,6,0,0
BRDA:79,7,0,0
BRDA:184,8,0,0
BRDA:184,8,1,0
BRDA:199,9,0,0
BRDA:212,10,0,0
BRDA:212,11,0,0
BRDA:212,11,1,0
BRDA:223,12,0,0
BRDA:223,12,1,0
BRDA:261,13,0,0
BRDA:271,14,0,0
BRDA:271,14,1,0
BRF:20
BRH:0
end_of_record
TN:
SF:components\OrderHistoryContext.js
FN:8,(anonymous_8)
FN:16,(anonymous_9)
FN:41,(anonymous_10)
FN:56,(anonymous_11)
FN:72,(anonymous_12)
FN:82,(anonymous_13)
FN:86,(anonymous_14)
FN:93,(anonymous_15)
FN:108,(anonymous_16)
FN:109,(anonymous_17)
FN:111,(anonymous_18)
FN:116,(anonymous_19)
FN:117,(anonymous_20)
FN:120,(anonymous_21)
FN:124,(anonymous_22)
FN:138,(anonymous_23)
FN:142,(anonymous_24)
FN:153,(anonymous_25)
FN:160,(anonymous_26)
FN:170,(anonymous_27)
FN:175,(anonymous_28)
FNF:21
FNH:0
FNDA:0,(anonymous_8)
FNDA:0,(anonymous_9)
FNDA:0,(anonymous_10)
FNDA:0,(anonymous_11)
FNDA:0,(anonymous_12)
FNDA:0,(anonymous_13)
FNDA:0,(anonymous_14)
FNDA:0,(anonymous_15)
FNDA:0,(anonymous_16)
FNDA:0,(anonymous_17)
FNDA:0,(anonymous_18)
FNDA:0,(anonymous_19)
FNDA:0,(anonymous_20)
FNDA:0,(anonymous_21)
FNDA:0,(anonymous_22)
FNDA:0,(anonymous_23)
FNDA:0,(anonymous_24)
FNDA:0,(anonymous_25)
FNDA:0,(anonymous_26)
FNDA:0,(anonymous_27)
FNDA:0,(anonymous_28)
DA:1,0
DA:2,0
DA:3,0
DA:4,0
DA:6,0
DA:8,0
DA:9,0
DA:10,0
DA:11,0
DA:13,0
DA:16,0
DA:17,0
DA:18,0
DA:19,0
DA:20,0
DA:21,0
DA:22,0
DA:28,0
DA:38,0
DA:39,0
DA:41,0
DA:42,0
DA:44,0
DA:45,0
DA:47,0
DA:48,0
DA:56,0
DA:57,0
DA:60,0
DA:61,0
DA:62,0
DA:63,0
DA:65,0
DA:66,0
DA:68,0
DA:72,0
DA:73,0
DA:74,0
DA:75,0
DA:77,0
DA:78,0
DA:82,0
DA:83,0
DA:86,0
DA:87,0
DA:88,0
DA:89,0
DA:90,0
DA:93,0
DA:94,0
DA:104,0
DA:105,0
DA:108,0
DA:109,0
DA:110,0
DA:111,0
DA:116,0
DA:117,0
DA:120,0
DA:121,0
DA:124,0
DA:125,0
DA:126,0
DA:128,0
DA:131,0
DA:133,0
DA:138,0
DA:139,0
DA:142,0
DA:143,0
DA:144,0
DA:149,0
DA:150,0
DA:153,0
DA:154,0
DA:156,0
DA:157,0
DA:160,0
DA:161,0
DA:162,0
DA:163,0
DA:167,0
DA:170,0
DA:171,0
DA:173,0
DA:174,0
DA:175,0
DA:176,0
DA:178,0
DA:183,0
DA:210,0
LF:91
LH:0
BRDA:10,0,0,0
BRDA:41,1,0,0
BRDA:41,2,0,0
BRDA:42,3,0,0
BRDA:57,4,0,0
BRDA:61,5,0,0
BRDA:61,5,1,0
BRDA:62,6,0,0
BRDA:62,6,1,0
BRDA:110,7,0,0
BRDA:110,7,1,0
BRDA:143,8,0,0
BRDA:143,9,0,0
BRDA:143,9,1,0
BRDA:149,10,0,0
BRDA:149,10,1,0
BRDA:154,11,0,0
BRDA:162,12,0,0
BRDA:171,13,0,0
BRDA:174,14,0,0
BRDA:174,14,1,0
BRF:21
BRH:0
end_of_record
TN:
SF:components\OrderPagination.js
FN:14,(anonymous_2)
FN:21,(anonymous_3)
FN:25,(anonymous_4)
FN:55,(anonymous_5)
FNF:4
FNH:0
FNDA:0,(anonymous_2)
FNDA:0,(anonymous_3)
FNDA:0,(anonymous_4)
FNDA:0,(anonymous_5)
DA:1,0
DA:11,0
DA:12,0
DA:14,0
DA:15,0
DA:16,0
DA:17,0
DA:19,0
DA:21,0
DA:22,0
DA:25,0
DA:26,0
DA:27,0
DA:30,0
DA:31,0
DA:56,0
DA:88,0
LF:17
LH:0
BRDA:30,0,0,0
BRDA:30,1,0,0
BRDA:30,1,1,0
BRDA:66,2,0,0
BRDA:73,3,0,0
BRDA:73,3,1,0
BRF:6
BRH:0
end_of_record
TN:
SF:components\OrderSearch.js
FN:14,(anonymous_5)
FN:22,(anonymous_6)
FN:28,(anonymous_7)
FN:32,(anonymous_8)
FN:36,(anonymous_9)
FN:41,(anonymous_10)
FN:86,debounce
FN:88,executedFunction
FN:89,(anonymous_13)
FNF:9
FNH:0
FNDA:0,(anonymous_5)
FNDA:0,(anonymous_6)
FNDA:0,(anonymous_7)
FNDA:0,(anonymous_8)
FNDA:0,(anonymous_9)
FNDA:0,(anonymous_10)
FNDA:0,debounce
FNDA:0,executedFunction
FNDA:0,(anonymous_13)
DA:1,0
DA:9,0
DA:10,0
DA:11,0
DA:12,0
DA:14,0
DA:15,0
DA:16,0
DA:17,0
DA:18,0
DA:21,0
DA:23,0
DA:28,0
DA:29,0
DA:32,0
DA:33,0
DA:36,0
DA:37,0
DA:38,0
DA:41,0
DA:42,0
DA:43,0
DA:88,0
DA:89,0
DA:90,0
DA:91,0
DA:93,0
DA:94,0
DA:98,0
LF:29
LH:0
BRDA:18,0,0,0
BRDA:18,0,1,0
BRDA:42,1,0,0
BRDA:62,2,0,0
BRF:4
BRH:0
end_of_record
TN:
SF:components\OrderStatusBadge.js
FN:5,(anonymous_2)
FN:16,(anonymous_3)
FN:17,(anonymous_4)
FN:36,(anonymous_5)
FNF:4
FNH:0
FNDA:0,(anonymous_2)
FNDA:0,(anonymous_3)
FNDA:0,(anonymous_4)
FNDA:0,(anonymous_5)
DA:1,0
DA:2,0
DA:3,0
DA:5,0
DA:16,0
DA:17,0
DA:18,0
DA:20,0
DA:22,0
DA:24,0
DA:26,0
DA:28,0
DA:30,0
DA:32,0
DA:36,0
DA:37,0
DA:38,0
DA:50,0
LF:18
LH:0
BRDA:18,0,0,0
BRDA:18,0,1,0
BRDA:18,0,2,0
BRDA:18,0,3,0
BRDA:18,0,4,0
BRDA:18,0,5,0
BRDA:18,0,6,0
BRDA:37,1,0,0
BRF:8
BRH:0
end_of_record
TN:
SF:components\PWAContext.js
FN:5,(anonymous_7)
FN:13,(anonymous_8)
FN:23,(anonymous_9)
FN:24,(anonymous_10)
FN:29,(anonymous_11)
FN:40,(anonymous_12)
FN:47,(anonymous_13)
FN:56,(anonymous_14)
FN:57,(anonymous_15)
FN:64,(anonymous_16)
FN:73,(anonymous_17)
FN:79,(anonymous_18)
FN:90,(anonymous_19)
FN:93,(anonymous_20)
FN:113,(anonymous_21)
FN:125,(anonymous_22)
FN:147,(anonymous_23)
FN:155,(anonymous_24)
FN:167,(anonymous_25)
FN:175,(anonymous_26)
FN:183,(anonymous_27)
FN:193,(anonymous_28)
FN:203,(anonymous_29)
FN:210,(anonymous_30)
FN:224,(anonymous_31)
FN:238,(anonymous_32)
FN:252,(anonymous_33)
FNF:27
FNH:0
FNDA:0,(anonymous_7)
FNDA:0,(anonymous_8)
FNDA:0,(anonymous_9)
FNDA:0,(anonymous_10)
FNDA:0,(anonymous_11)
FNDA:0,(anonymous_12)
FNDA:0,(anonymous_13)
FNDA:0,(anonymous_14)
FNDA:0,(anonymous_15)
FNDA:0,(anonymous_16)
FNDA:0,(anonymous_17)
FNDA:0,(anonymous_18)
FNDA:0,(anonymous_19)
FNDA:0,(anonymous_20)
FNDA:0,(anonymous_21)
FNDA:0,(anonymous_22)
FNDA:0,(anonymous_23)
FNDA:0,(anonymous_24)
FNDA:0,(anonymous_25)
FNDA:0,(anonymous_26)
FNDA:0,(anonymous_27)
FNDA:0,(anonymous_28)
FNDA:0,(anonymous_29)
FNDA:0,(anonymous_30)
FNDA:0,(anonymous_31)
FNDA:0,(anonymous_32)
FNDA:0,(anonymous_33)
DA:1,0
DA:3,0
DA:5,0
DA:6,0
DA:7,0
DA:8,0
DA:10,0
DA:13,0
DA:14,0
DA:15,0
DA:16,0
DA:17,0
DA:18,0
DA:19,0
DA:20,0
DA:23,0
DA:24,0
DA:25,0
DA:26,0
DA:29,0
DA:30,0
DA:31,0
DA:34,0
DA:35,0
DA:38,0
DA:40,0
DA:41,0
DA:42,0
DA:47,0
DA:48,0
DA:49,0
DA:51,0
DA:56,0
DA:57,0
DA:58,0
DA:59,0
DA:60,0
DA:61,0
DA:64,0
DA:65,0
DA:66,0
DA:67,0
DA:70,0
DA:71,0
DA:73,0
DA:74,0
DA:75,0
DA:79,0
DA:80,0
DA:81,0
DA:83,0
DA:87,0
DA:90,0
DA:91,0
DA:92,0
DA:93,0
DA:94,0
DA:95,0
DA:96,0
DA:103,0
DA:104,0
DA:105,0
DA:106,0
DA:107,0
DA:108,0
DA:109,0
DA:113,0
DA:114,0
DA:115,0
DA:119,0
DA:120,0
DA:125,0
DA:126,0
DA:127,0
DA:128,0
DA:131,0
DA:132,0
DA:133,0
DA:135,0
DA:136,0
DA:137,0
DA:139,0
DA:141,0
DA:142,0
DA:147,0
DA:148,0
DA:149,0
DA:150,0
DA:155,0
DA:156,0
DA:157,0
DA:159,0
DA:160,0
DA:164,0
DA:165,0
DA:166,0
DA:167,0
DA:171,0
DA:172,0
DA:175,0
DA:177,0
DA:178,0
DA:183,0
DA:184,0
DA:185,0
DA:193,0
DA:194,0
DA:195,0
DA:203,0
DA:204,0
DA:210,0
DA:211,0
DA:224,0
DA:225,0
DA:226,0
DA:227,0
DA:234,0
DA:238,0
DA:239,0
DA:241,0
DA:242,0
DA:243,0
DA:244,0
DA:246,0
DA:247,0
DA:252,0
DA:253,0
DA:255,0
DA:256,0
DA:260,0
DA:261,0
DA:263,0
DA:264,0
DA:268,0
DA:302,0
LF:135
LH:0
BRDA:7,0,0,0
BRDA:48,1,0,0
BRDA:48,1,1,0
BRDA:92,2,0,0
BRDA:94,3,0,0
BRDA:94,4,0,0
BRDA:94,4,1,0
BRDA:103,5,0,0
BRDA:103,5,1,0
BRDA:106,6,0,0
BRDA:106,6,1,0
BRDA:108,7,0,0
BRDA:126,8,0,0
BRDA:148,9,0,0
BRDA:148,10,0,0
BRDA:148,10,1,0
BRDA:159,11,0,0
BRDA:159,12,0,0
BRDA:159,12,1,0
BRDA:164,13,0,0
BRDA:184,14,0,0
BRDA:184,15,0,0
BRDA:184,15,1,0
BRDA:194,16,0,0
BRDA:194,17,0,0
BRDA:194,17,1,0
BRDA:204,18,0,0
BRDA:204,18,1,0
BRDA:204,18,2,0
BRDA:213,19,0,0
BRDA:213,19,1,0
BRDA:214,20,0,0
BRDA:214,20,1,0
BRDA:216,21,0,0
BRDA:216,21,1,0
BRDA:225,22,0,0
BRDA:238,23,0,0
BRDA:239,24,0,0
BRDA:252,25,0,0
BRDA:252,26,0,0
BRDA:253,27,0,0
BRDA:253,28,0,0
BRDA:253,28,1,0
BRF:43
BRH:0
end_of_record
TN:
SF:components\PWAInstallPrompt.js
FN:26,(anonymous_5)
FN:36,(anonymous_6)
FN:50,(anonymous_7)
FN:53,(anonymous_8)
FN:57,(anonymous_9)
FN:62,(anonymous_10)
FN:68,(anonymous_11)
FN:73,(anonymous_12)
FN:79,(anonymous_13)
FN:166,(anonymous_14)
FN:181,(anonymous_15)
FNF:11
FNH:0
FNDA:0,(anonymous_5)
FNDA:0,(anonymous_6)
FNDA:0,(anonymous_7)
FNDA:0,(anonymous_8)
FNDA:0,(anonymous_9)
FNDA:0,(anonymous_10)
FNDA:0,(anonymous_11)
FNDA:0,(anonymous_12)
FNDA:0,(anonymous_13)
FNDA:0,(anonymous_14)
FNDA:0,(anonymous_15)
DA:1,0
DA:14,0
DA:24,0
DA:26,0
DA:27,0
DA:28,0
DA:29,0
DA:31,0
DA:32,0
DA:33,0
DA:36,0
DA:37,0
DA:38,0
DA:39,0
DA:40,0
DA:43,0
DA:44,0
DA:50,0
DA:51,0
DA:53,0
DA:54,0
DA:57,0
DA:62,0
DA:63,0
DA:64,0
DA:68,0
DA:69,0
DA:70,0
DA:73,0
DA:74,0
DA:75,0
DA:76,0
DA:79,0
DA:80,0
DA:81,0
DA:82,0
DA:83,0
DA:85,0
DA:86,0
DA:91,0
DA:94,0
DA:96,0
DA:101,0
DA:102,0
DA:105,0
DA:167,0
DA:182,0
DA:263,0
LF:48
LH:0
BRDA:26,0,0,0
BRDA:38,1,0,0
BRDA:43,2,0,0
BRDA:51,3,0,0
BRDA:51,4,0,0
BRDA:51,4,1,0
BRDA:51,4,2,0
BRDA:51,4,3,0
BRDA:63,5,0,0
BRDA:70,6,0,0
BRDA:83,7,0,0
BRDA:85,8,0,0
BRDA:85,9,0,0
BRDA:85,9,1,0
BRDA:101,10,0,0
BRDA:101,11,0,0
BRDA:101,11,1,0
BRDA:101,11,2,0
BRDA:137,12,0,0
BRDA:137,12,1,0
BRDA:138,13,0,0
BRDA:138,13,1,0
BRDA:180,14,0,0
BRDA:180,14,1,0
BRDA:236,15,0,0
BRDA:236,15,1,0
BRDA:248,16,0,0
BRDA:248,16,1,0
BRF:28
BRH:0
end_of_record
TN:
SF:components\PWAStatusBar.js
FN:40,(anonymous_5)
FN:65,(anonymous_6)
FN:74,(anonymous_7)
FN:83,(anonymous_8)
FN:92,(anonymous_9)
FN:103,(anonymous_10)
FN:114,(anonymous_11)
FN:232,(anonymous_12)
FN:244,(anonymous_13)
FN:252,(anonymous_14)
FN:307,(anonymous_15)
FN:358,(anonymous_16)
FN:368,(anonymous_17)
FN:372,(anonymous_18)
FNF:14
FNH:0
FNDA:0,(anonymous_5)
FNDA:0,(anonymous_6)
FNDA:0,(anonymous_7)
FNDA:0,(anonymous_8)
FNDA:0,(anonymous_9)
FNDA:0,(anonymous_10)
FNDA:0,(anonymous_11)
FNDA:0,(anonymous_12)
FNDA:0,(anonymous_13)
FNDA:0,(anonymous_14)
FNDA:0,(anonymous_15)
FNDA:0,(anonymous_16)
FNDA:0,(anonymous_17)
FNDA:0,(anonymous_18)
DA:1,0
DA:22,0
DA:38,0
DA:40,0
DA:41,0
DA:42,0
DA:55,0
DA:57,0
DA:58,0
DA:61,0
DA:62,0
DA:65,0
DA:66,0
DA:67,0
DA:74,0
DA:75,0
DA:76,0
DA:83,0
DA:84,0
DA:85,0
DA:92,0
DA:93,0
DA:94,0
DA:95,0
DA:96,0
DA:97,0
DA:98,0
DA:99,0
DA:103,0
DA:104,0
DA:105,0
DA:106,0
DA:107,0
DA:108,0
DA:109,0
DA:110,0
DA:114,0
DA:115,0
DA:116,0
DA:117,0
DA:118,0
DA:119,0
DA:120,0
DA:232,0
DA:244,0
DA:252,0
DA:308,0
DA:358,0
DA:368,0
DA:372,0
DA:383,0
LF:51
LH:0
BRDA:40,0,0,0
BRDA:40,1,0,0
BRDA:61,2,0,0
BRDA:61,3,0,0
BRDA:61,3,1,0
BRDA:61,3,2,0
BRDA:61,3,3,0
BRDA:69,4,0,0
BRDA:69,4,1,0
BRDA:70,5,0,0
BRDA:70,5,1,0
BRDA:93,6,0,0
BRDA:93,6,1,0
BRDA:93,6,2,0
BRDA:93,6,3,0
BRDA:93,6,4,0
BRDA:93,6,5,0
BRDA:104,7,0,0
BRDA:104,7,1,0
BRDA:104,7,2,0
BRDA:104,7,3,0
BRDA:104,7,4,0
BRDA:104,7,5,0
BRDA:115,8,0,0
BRDA:115,8,1,0
BRDA:115,8,2,0
BRDA:115,8,3,0
BRDA:115,8,4,0
BRDA:130,9,0,0
BRDA:130,9,1,0
BRDA:131,10,0,0
BRDA:131,10,1,0
BRDA:137,11,0,0
BRDA:137,11,1,0
BRDA:138,12,0,0
BRDA:138,12,1,0
BRDA:152,13,0,0
BRDA:152,13,1,0
BRDA:153,14,0,0
BRDA:153,14,1,0
BRDA:154,15,0,0
BRDA:154,15,1,0
BRDA:169,16,0,0
BRDA:180,17,0,0
BRDA:193,18,0,0
BRDA:201,19,0,0
BRDA:201,19,1,0
BRDA:206,20,0,0
BRDA:215,21,0,0
BRDA:215,21,1,0
BRDA:264,22,0,0
BRDA:268,23,0,0
BRDA:268,23,1,0
BRDA:310,24,0,0
BRDA:310,24,1,0
BRDA:312,25,0,0
BRDA:312,25,1,0
BRDA:323,26,0,0
BRDA:343,27,0,0
BRF:59
BRH:0
end_of_record
TN:
SF:components\PerformanceOptimizer.js
FN:4,(anonymous_2)
FN:8,(anonymous_3)
FN:13,(anonymous_4)
FN:20,(anonymous_5)
FN:27,(anonymous_6)
FN:29,(anonymous_7)
FN:50,(anonymous_8)
FN:64,(anonymous_9)
FN:81,(anonymous_10)
FN:103,(anonymous_11)
FNF:10
FNH:0
FNDA:0,(anonymous_2)
FNDA:0,(anonymous_3)
FNDA:0,(anonymous_4)
FNDA:0,(anonymous_5)
FNDA:0,(anonymous_6)
FNDA:0,(anonymous_7)
FNDA:0,(anonymous_8)
FNDA:0,(anonymous_9)
FNDA:0,(anonymous_10)
FNDA:0,(anonymous_11)
DA:1,0
DA:2,0
DA:4,0
DA:5,0
DA:6,0
DA:8,0
DA:10,0
DA:13,0
DA:15,0
DA:20,0
DA:21,0
DA:22,0
DA:27,0
DA:29,0
DA:30,0
DA:31,0
DA:32,0
DA:34,0
DA:35,0
DA:43,0
DA:44,0
DA:46,0
DA:50,0
DA:51,0
DA:52,0
DA:56,0
DA:57,0
DA:59,0
DA:63,0
DA:64,0
DA:65,0
DA:66,0
DA:67,0
DA:70,0
DA:73,0
DA:74,0
DA:76,0
DA:81,0
DA:82,0
DA:84,0
DA:86,0
DA:89,0
DA:94,0
DA:95,0
DA:98,0
DA:99,0
DA:100,0
DA:103,0
DA:104,0
DA:105,0
DA:201,0
LF:51
LH:0
BRDA:31,0,0,0
BRDA:34,1,0,0
BRDA:34,2,0,0
BRDA:34,2,1,0
BRDA:66,3,0,0
BRDA:84,4,0,0
BRDA:84,4,1,0
BRDA:162,5,0,0
BRDA:180,6,0,0
BRF:9
BRH:0
end_of_record
TN:
SF:components\ProductCard.js
FN:24,(anonymous_5)
FN:48,(anonymous_6)
FN:55,(anonymous_7)
FN:62,(anonymous_8)
FN:68,(anonymous_9)
FN:88,(anonymous_10)
FN:103,(anonymous_11)
FN:287,(anonymous_12)
FN:305,(anonymous_13)
FNF:9
FNH:0
FNDA:0,(anonymous_5)
FNDA:0,(anonymous_6)
FNDA:0,(anonymous_7)
FNDA:0,(anonymous_8)
FNDA:0,(anonymous_9)
FNDA:0,(anonymous_10)
FNDA:0,(anonymous_11)
FNDA:0,(anonymous_12)
FNDA:0,(anonymous_13)
DA:1,0
DA:15,0
DA:24,0
DA:32,0
DA:33,0
DA:34,0
DA:37,0
DA:38,0
DA:39,0
DA:40,0
DA:43,0
DA:48,0
DA:49,0
DA:50,0
DA:53,0
DA:55,0
DA:56,0
DA:57,0
DA:58,0
DA:62,0
DA:63,0
DA:64,0
DA:68,0
DA:69,0
DA:75,0
DA:88,0
DA:103,0
DA:287,0
DA:305,0
DA:498,0
LF:30
LH:0
BRDA:26,0,0,0
BRDA:29,1,0,0
BRDA:30,2,0,0
BRDA:38,3,0,0
BRDA:38,3,1,0
BRDA:38,3,2,0
BRDA:40,4,0,0
BRDA:40,4,1,0
BRDA:43,5,0,0
BRDA:43,5,1,0
BRDA:48,6,0,0
BRDA:48,6,1,0
BRDA:48,7,0,0
BRDA:48,7,1,0
BRDA:50,8,0,0
BRDA:50,8,1,0
BRDA:53,9,0,0
BRDA:53,9,1,0
BRDA:57,10,0,0
BRDA:75,11,0,0
BRDA:88,12,0,0
BRDA:88,12,1,0
BRDA:98,13,0,0
BRDA:98,13,1,0
BRDA:101,14,0,0
BRDA:101,14,1,0
BRDA:105,15,0,0
BRDA:126,16,0,0
BRDA:141,17,0,0
BRDA:153,18,0,0
BRDA:153,18,1,0
BRDA:176,19,0,0
BRDA:197,20,0,0
BRDA:197,20,1,0
BRDA:208,21,0,0
BRDA:208,21,1,0
BRDA:210,22,0,0
BRDA:210,22,1,0
BRDA:221,23,0,0
BRDA:235,24,0,0
BRDA:253,25,0,0
BRDA:253,25,1,0
BRDA:287,26,0,0
BRDA:287,26,1,0
BRDA:300,27,0,0
BRDA:300,27,1,0
BRDA:303,28,0,0
BRDA:303,28,1,0
BRDA:308,29,0,0
BRDA:330,30,0,0
BRDA:338,31,0,0
BRDA:363,32,0,0
BRDA:371,33,0,0
BRDA:379,34,0,0
BRDA:379,34,1,0
BRDA:403,35,0,0
BRDA:403,35,1,0
BRDA:409,36,0,0
BRDA:430,37,0,0
BRDA:445,38,0,0
BRDA:461,39,0,0
BRDA:471,40,0,0
BRDA:471,40,1,0
BRDA:482,41,0,0
BRF:64
BRH:0
end_of_record
TN:
SF:components\ProtectedRoute.js
FN:5,(anonymous_1)
FN:9,(anonymous_2)
FNF:2
FNH:0
FNDA:0,(anonymous_1)
FNDA:0,(anonymous_2)
DA:1,0
DA:2,0
DA:3,0
DA:5,0
DA:6,0
DA:7,0
DA:9,0
DA:10,0
DA:12,0
DA:13,0
DA:18,0
DA:32,0
DA:33,0
DA:36,0
DA:39,0
LF:15
LH:0
BRDA:10,0,0,0
BRDA:10,1,0,0
BRDA:10,1,1,0
BRDA:18,2,0,0
BRDA:32,3,0,0
BRF:5
BRH:0
end_of_record
TN:
SF:components\RealTimeAnalytics.js
FN:24,(anonymous_5)
FN:31,(anonymous_6)
FN:47,(anonymous_7)
FN:50,(anonymous_8)
FN:54,(anonymous_9)
FN:57,(anonymous_10)
FN:64,(anonymous_11)
FN:72,(anonymous_12)
FNF:8
FNH:0
FNDA:0,(anonymous_5)
FNDA:0,(anonymous_6)
FNDA:0,(anonymous_7)
FNDA:0,(anonymous_8)
FNDA:0,(anonymous_9)
FNDA:0,(anonymous_10)
FNDA:0,(anonymous_11)
FNDA:0,(anonymous_12)
DA:1,0
DA:13,0
DA:22,0
DA:24,0
DA:25,0
DA:26,0
DA:27,0
DA:28,0
DA:31,0
DA:32,0
DA:33,0
DA:34,0
DA:35,0
DA:36,0
DA:37,0
DA:39,0
DA:40,0
DA:42,0
DA:47,0
DA:48,0
DA:50,0
DA:51,0
DA:54,0
DA:57,0
DA:58,0
DA:64,0
DA:65,0
DA:72,0
DA:73,0
DA:75,0
DA:76,0
DA:78,0
DA:85,0
DA:100,0
DA:115,0
DA:118,0
DA:119,0
DA:120,0
DA:372,0
LF:39
LH:0
BRDA:24,0,0,0
BRDA:61,1,0,0
BRDA:61,1,1,0
BRDA:73,2,0,0
BRDA:73,3,0,0
BRDA:73,3,1,0
BRDA:85,4,0,0
BRDA:85,5,0,0
BRDA:85,5,1,0
BRDA:100,6,0,0
BRDA:115,7,0,0
BRDA:115,7,1,0
BRDA:131,8,0,0
BRDA:145,9,0,0
BRDA:162,10,0,0
BRDA:176,11,0,0
BRDA:176,11,1,0
BRDA:178,12,0,0
BRDA:178,12,1,0
BRDA:197,13,0,0
BRDA:205,14,0,0
BRDA:205,14,1,0
BRDA:211,15,0,0
BRDA:211,15,1,0
BRDA:213,16,0,0
BRDA:213,16,1,0
BRDA:232,17,0,0
BRDA:240,18,0,0
BRDA:240,18,1,0
BRDA:246,19,0,0
BRDA:246,19,1,0
BRDA:248,20,0,0
BRDA:248,20,1,0
BRDA:271,21,0,0
BRDA:271,21,1,0
BRDA:283,22,0,0
BRDA:283,22,1,0
BRDA:292,23,0,0
BRDA:301,24,0,0
BRDA:325,25,0,0
BRDA:325,25,1,0
BRDA:325,26,0,0
BRDA:325,26,1,0
BRDA:336,27,0,0
BRDA:336,27,1,0
BRDA:336,28,0,0
BRDA:336,28,1,0
BRDA:347,29,0,0
BRDA:347,29,1,0
BRDA:347,30,0,0
BRDA:347,30,1,0
BRDA:358,31,0,0
BRDA:358,31,1,0
BRDA:358,32,0,0
BRDA:358,32,1,0
BRF:55
BRH:0
end_of_record
TN:
SF:components\SEOAnalyzer.js
FN:34,(anonymous_5)
FN:43,(anonymous_6)
FN:49,(anonymous_7)
FN:73,(anonymous_8)
FN:74,(anonymous_9)
FN:80,(anonymous_10)
FN:86,(anonymous_11)
FN:92,(anonymous_12)
FN:101,(anonymous_13)
FN:125,(anonymous_14)
FN:145,(anonymous_15)
FN:174,(anonymous_16)
FN:184,(anonymous_17)
FN:196,(anonymous_18)
FN:206,(anonymous_19)
FN:216,(anonymous_20)
FN:290,(anonymous_21)
FN:322,(anonymous_22)
FNF:18
FNH:0
FNDA:0,(anonymous_5)
FNDA:0,(anonymous_6)
FNDA:0,(anonymous_7)
FNDA:0,(anonymous_8)
FNDA:0,(anonymous_9)
FNDA:0,(anonymous_10)
FNDA:0,(anonymous_11)
FNDA:0,(anonymous_12)
FNDA:0,(anonymous_13)
FNDA:0,(anonymous_14)
FNDA:0,(anonymous_15)
FNDA:0,(anonymous_16)
FNDA:0,(anonymous_17)
FNDA:0,(anonymous_18)
FNDA:0,(anonymous_19)
FNDA:0,(anonymous_20)
FNDA:0,(anonymous_21)
FNDA:0,(anonymous_22)
DA:1,0
DA:22,0
DA:32,0
DA:34,0
DA:35,0
DA:36,0
DA:37,0
DA:38,0
DA:39,0
DA:40,0
DA:43,0
DA:44,0
DA:45,0
DA:49,0
DA:50,0
DA:51,0
DA:52,0
DA:55,0
DA:56,0
DA:57,0
DA:59,0
DA:64,0
DA:66,0
DA:67,0
DA:69,0
DA:73,0
DA:74,0
DA:80,0
DA:81,0
DA:82,0
DA:83,0
DA:86,0
DA:92,0
DA:93,0
DA:94,0
DA:95,0
DA:96,0
DA:97,0
DA:101,0
DA:102,0
DA:103,0
DA:104,0
DA:105,0
DA:106,0
DA:125,0
DA:146,0
DA:147,0
DA:148,0
DA:149,0
DA:174,0
DA:184,0
DA:196,0
DA:206,0
DA:216,0
DA:291,0
DA:323,0
DA:424,0
LF:57
LH:0
BRDA:34,0,0,0
BRDA:34,1,0,0
BRDA:44,2,0,0
BRDA:44,3,0,0
BRDA:44,3,1,0
BRDA:50,4,0,0
BRDA:81,5,0,0
BRDA:82,6,0,0
BRDA:93,7,0,0
BRDA:93,7,1,0
BRDA:93,7,2,0
BRDA:93,7,3,0
BRDA:102,8,0,0
BRDA:102,8,1,0
BRDA:102,8,2,0
BRDA:102,8,3,0
BRDA:137,9,0,0
BRDA:137,9,1,0
BRDA:140,10,0,0
BRDA:140,10,1,0
BRDA:173,11,0,0
BRDA:173,11,1,0
BRDA:183,12,0,0
BRDA:183,12,1,0
BRDA:195,13,0,0
BRDA:195,13,1,0
BRDA:205,14,0,0
BRDA:205,14,1,0
BRDA:215,15,0,0
BRDA:215,15,1,0
BRDA:228,16,0,0
BRDA:235,17,0,0
BRDA:245,18,0,0
BRDA:262,19,0,0
BRDA:262,19,1,0
BRDA:262,20,0,0
BRDA:262,20,1,0
BRDA:285,21,0,0
BRDA:285,21,1,0
BRDA:289,22,0,0
BRDA:317,23,0,0
BRDA:317,23,1,0
BRDA:321,24,0,0
BRDA:358,25,0,0
BRDA:358,25,1,0
BRDA:361,26,0,0
BRDA:361,26,1,0
BRDA:364,27,0,0
BRDA:364,27,1,0
BRDA:367,28,0,0
BRDA:367,28,1,0
BRDA:380,29,0,0
BRDA:380,29,1,0
BRDA:383,30,0,0
BRDA:383,30,1,0
BRDA:386,31,0,0
BRDA:386,31,1,0
BRDA:389,32,0,0
BRDA:389,32,1,0
BRDA:402,33,0,0
BRDA:402,33,1,0
BRDA:405,34,0,0
BRDA:405,34,1,0
BRDA:408,35,0,0
BRDA:408,35,1,0
BRDA:411,36,0,0
BRDA:411,36,1,0
BRF:67
BRH:0
end_of_record
TN:
SF:components\SEOHead.js
FN:5,(anonymous_2)
FN:31,(anonymous_3)
FN:144,(anonymous_4)
FNF:3
FNH:0
FNDA:0,(anonymous_2)
FNDA:0,(anonymous_3)
FNDA:0,(anonymous_4)
DA:1,0
DA:2,0
DA:3,0
DA:5,0
DA:17,0
DA:18,0
DA:19,0
DA:20,0
DA:23,0
DA:24,0
DA:25,0
DA:26,0
DA:27,0
DA:28,0
DA:31,0
DA:32,0
DA:44,0
DA:45,0
DA:72,0
DA:73,0
DA:104,0
DA:107,0
DA:145,0
DA:208,0
LF:24
LH:0
BRDA:11,0,0,0
BRDA:14,1,0,0
BRDA:18,2,0,0
BRDA:18,2,1,0
BRDA:23,3,0,0
BRDA:23,3,1,0
BRDA:24,4,0,0
BRDA:24,4,1,0
BRDA:25,5,0,0
BRDA:25,5,1,0
BRDA:26,6,0,0
BRDA:26,6,1,0
BRDA:27,7,0,0
BRDA:27,7,1,0
BRDA:28,8,0,0
BRDA:28,8,1,0
BRDA:44,9,0,0
BRDA:44,10,0,0
BRDA:44,10,1,0
BRDA:72,11,0,0
BRDA:72,12,0,0
BRDA:72,12,1,0
BRDA:88,13,0,0
BRDA:88,13,1,0
BRDA:96,14,0,0
BRDA:96,14,1,0
BRDA:116,15,0,0
BRDA:116,15,1,0
BRDA:138,16,0,0
BRDA:144,17,0,0
BRDA:144,17,1,0
BRDA:151,18,0,0
BRF:32
BRH:0
end_of_record
TN:
SF:components\SearchBar.js
FN:31,(anonymous_5)
FN:56,(anonymous_6)
FN:77,(anonymous_7)
FN:84,(anonymous_8)
FN:96,(anonymous_9)
FN:106,(anonymous_10)
FN:112,(anonymous_11)
FN:129,(anonymous_12)
FN:140,(anonymous_13)
FN:146,(anonymous_14)
FN:164,(anonymous_15)
FN:170,(anonymous_16)
FN:175,(anonymous_17)
FN:183,(anonymous_18)
FN:196,(anonymous_19)
FN:200,(anonymous_20)
FN:218,(anonymous_21)
FN:222,(anonymous_22)
FN:269,(anonymous_23)
FN:273,(anonymous_24)
FN:336,(anonymous_25)
FN:361,(anonymous_26)
FNF:22
FNH:0
FNDA:0,(anonymous_5)
FNDA:0,(anonymous_6)
FNDA:0,(anonymous_7)
FNDA:0,(anonymous_8)
FNDA:0,(anonymous_9)
FNDA:0,(anonymous_10)
FNDA:0,(anonymous_11)
FNDA:0,(anonymous_12)
FNDA:0,(anonymous_13)
FNDA:0,(anonymous_14)
FNDA:0,(anonymous_15)
FNDA:0,(anonymous_16)
FNDA:0,(anonymous_17)
FNDA:0,(anonymous_18)
FNDA:0,(anonymous_19)
FNDA:0,(anonymous_20)
FNDA:0,(anonymous_21)
FNDA:0,(anonymous_22)
FNDA:0,(anonymous_23)
FNDA:0,(anonymous_24)
FNDA:0,(anonymous_25)
FNDA:0,(anonymous_26)
DA:1,0
DA:18,0
DA:27,0
DA:28,0
DA:31,0
DA:40,0
DA:41,0
DA:42,0
DA:44,0
DA:45,0
DA:46,0
DA:47,0
DA:48,0
DA:49,0
DA:51,0
DA:52,0
DA:55,0
DA:57,0
DA:58,0
DA:59,0
DA:62,0
DA:63,0
DA:64,0
DA:65,0
DA:67,0
DA:68,0
DA:70,0
DA:77,0
DA:78,0
DA:79,0
DA:84,0
DA:85,0
DA:86,0
DA:88,0
DA:91,0
DA:92,0
DA:96,0
DA:97,0
DA:98,0
DA:99,0
DA:101,0
DA:102,0
DA:106,0
DA:107,0
DA:108,0
DA:109,0
DA:112,0
DA:113,0
DA:115,0
DA:116,0
DA:118,0
DA:119,0
DA:122,0
DA:129,0
DA:130,0
DA:131,0
DA:132,0
DA:134,0
DA:137,0
DA:139,0
DA:140,0
DA:141,0
DA:143,0
DA:145,0
DA:146,0
DA:147,0
DA:149,0
DA:150,0
DA:151,0
DA:153,0
DA:155,0
DA:157,0
DA:158,0
DA:159,0
DA:160,0
DA:164,0
DA:165,0
DA:166,0
DA:167,0
DA:170,0
DA:171,0
DA:172,0
DA:175,0
DA:176,0
DA:177,0
DA:178,0
DA:179,0
DA:180,0
DA:183,0
DA:184,0
DA:196,0
DA:197,0
DA:200,0
DA:219,0
DA:222,0
DA:270,0
DA:273,0
DA:337,0
DA:338,0
DA:361,0
DA:389,0
LF:101
LH:0
BRDA:32,0,0,0
BRDA:34,1,0,0
BRDA:35,2,0,0
BRDA:36,3,0,0
BRDA:37,4,0,0
BRDA:38,5,0,0
BRDA:57,6,0,0
BRDA:57,7,0,0
BRDA:57,7,1,0
BRDA:65,8,0,0
BRDA:65,8,1,0
BRDA:78,9,0,0
BRDA:85,10,0,0
BRDA:85,10,1,0
BRDA:85,11,0,0
BRDA:85,11,1,0
BRDA:91,12,0,0
BRDA:99,13,0,0
BRDA:99,13,1,0
BRDA:112,14,0,0
BRDA:113,15,0,0
BRDA:118,16,0,0
BRDA:118,16,1,0
BRDA:130,17,0,0
BRDA:130,18,0,0
BRDA:130,18,1,0
BRDA:131,19,0,0
BRDA:137,20,0,0
BRDA:137,20,1,0
BRDA:137,20,2,0
BRDA:137,20,3,0
BRDA:141,21,0,0
BRDA:141,21,1,0
BRDA:146,22,0,0
BRDA:146,22,1,0
BRDA:150,23,0,0
BRDA:150,23,1,0
BRDA:197,24,0,0
BRDA:216,25,0,0
BRDA:239,26,0,0
BRDA:239,26,1,0
BRDA:239,27,0,0
BRDA:239,27,1,0
BRDA:244,28,0,0
BRDA:259,29,0,0
BRDA:259,29,1,0
BRDA:290,30,0,0
BRDA:302,31,0,0
BRDA:302,31,1,0
BRDA:302,31,2,0
BRDA:324,32,0,0
BRDA:324,32,1,0
BRDA:331,33,0,0
BRDA:331,33,1,0
BRDA:337,34,0,0
BRDA:337,35,0,0
BRDA:337,35,1,0
BRDA:349,36,0,0
BRDA:350,37,0,0
BRDA:372,38,0,0
BRDA:372,38,1,0
BRF:61
BRH:0
end_of_record
TN:
SF:components\SearchFilters.js
FN:31,(anonymous_5)
FN:59,(anonymous_6)
FN:64,(anonymous_7)
FN:75,(anonymous_8)
FN:92,(anonymous_9)
FN:102,(anonymous_10)
FN:111,(anonymous_11)
FN:115,(anonymous_12)
FN:118,(anonymous_13)
FN:124,(anonymous_14)
FN:129,(anonymous_15)
FN:138,(anonymous_16)
FN:147,(anonymous_17)
FN:165,(anonymous_18)
FN:171,(anonymous_19)
FN:173,(anonymous_20)
FN:184,(anonymous_21)
FN:204,(anonymous_22)
FN:207,(anonymous_23)
FN:236,(anonymous_24)
FN:289,(anonymous_25)
FN:291,(anonymous_26)
FN:302,(anonymous_27)
FN:305,(anonymous_28)
FN:324,(anonymous_29)
FN:354,(anonymous_30)
FN:361,(anonymous_31)
FN:367,(anonymous_32)
FN:373,(anonymous_33)
FN:396,(anonymous_34)
FN:406,(anonymous_35)
FN:423,(anonymous_36)
FN:430,(anonymous_37)
FN:436,(anonymous_38)
FN:442,(anonymous_39)
FNF:35
FNH:0
FNDA:0,(anonymous_5)
FNDA:0,(anonymous_6)
FNDA:0,(anonymous_7)
FNDA:0,(anonymous_8)
FNDA:0,(anonymous_9)
FNDA:0,(anonymous_10)
FNDA:0,(anonymous_11)
FNDA:0,(anonymous_12)
FNDA:0,(anonymous_13)
FNDA:0,(anonymous_14)
FNDA:0,(anonymous_15)
FNDA:0,(anonymous_16)
FNDA:0,(anonymous_17)
FNDA:0,(anonymous_18)
FNDA:0,(anonymous_19)
FNDA:0,(anonymous_20)
FNDA:0,(anonymous_21)
FNDA:0,(anonymous_22)
FNDA:0,(anonymous_23)
FNDA:0,(anonymous_24)
FNDA:0,(anonymous_25)
FNDA:0,(anonymous_26)
FNDA:0,(anonymous_27)
FNDA:0,(anonymous_28)
FNDA:0,(anonymous_29)
FNDA:0,(anonymous_30)
FNDA:0,(anonymous_31)
FNDA:0,(anonymous_32)
FNDA:0,(anonymous_33)
FNDA:0,(anonymous_34)
FNDA:0,(anonymous_35)
FNDA:0,(anonymous_36)
FNDA:0,(anonymous_37)
FNDA:0,(anonymous_38)
FNDA:0,(anonymous_39)
DA:1,0
DA:22,0
DA:29,0
DA:31,0
DA:39,0
DA:40,0
DA:42,0
DA:49,0
DA:59,0
DA:60,0
DA:64,0
DA:65,0
DA:75,0
DA:76,0
DA:77,0
DA:78,0
DA:80,0
DA:91,0
DA:92,0
DA:98,0
DA:102,0
DA:103,0
DA:104,0
DA:106,0
DA:107,0
DA:111,0
DA:112,0
DA:115,0
DA:116,0
DA:117,0
DA:118,0
DA:121,0
DA:124,0
DA:125,0
DA:126,0
DA:128,0
DA:129,0
DA:132,0
DA:138,0
DA:139,0
DA:140,0
DA:144,0
DA:147,0
DA:148,0
DA:156,0
DA:158,0
DA:159,0
DA:160,0
DA:161,0
DA:165,0
DA:166,0
DA:167,0
DA:171,0
DA:173,0
DA:174,0
DA:184,0
DA:185,0
DA:186,0
DA:187,0
DA:188,0
DA:189,0
DA:190,0
DA:191,0
DA:192,0
DA:195,0
DA:204,0
DA:208,0
DA:236,0
DA:289,0
DA:291,0
DA:302,0
DA:306,0
DA:324,0
DA:354,0
DA:362,0
DA:368,0
DA:373,0
DA:396,0
DA:406,0
DA:423,0
DA:431,0
DA:437,0
DA:442,0
DA:473,0
LF:84
LH:0
BRDA:32,0,0,0
BRDA:36,1,0,0
BRDA:37,2,0,0
BRDA:50,3,0,0
BRDA:50,3,1,0
BRDA:51,4,0,0
BRDA:51,4,1,0
BRDA:52,5,0,0
BRDA:52,5,1,0
BRDA:53,6,0,0
BRDA:53,6,1,0
BRDA:54,7,0,0
BRDA:54,7,1,0
BRDA:66,8,0,0
BRDA:66,8,1,0
BRDA:67,9,0,0
BRDA:67,9,1,0
BRDA:68,10,0,0
BRDA:68,10,1,0
BRDA:69,11,0,0
BRDA:69,11,1,0
BRDA:70,12,0,0
BRDA:70,12,1,0
BRDA:81,13,0,0
BRDA:81,13,1,0
BRDA:83,14,0,0
BRDA:83,14,1,0
BRDA:84,15,0,0
BRDA:84,15,1,0
BRDA:86,16,0,0
BRDA:86,16,1,0
BRDA:87,17,0,0
BRDA:87,17,1,0
BRDA:91,18,0,0
BRDA:91,19,0,0
BRDA:91,19,1,0
BRDA:94,20,0,0
BRDA:94,20,1,0
BRDA:94,21,0,0
BRDA:94,21,1,0
BRDA:106,22,0,0
BRDA:116,23,0,0
BRDA:116,23,1,0
BRDA:117,24,0,0
BRDA:117,24,1,0
BRDA:125,25,0,0
BRDA:125,25,1,0
BRDA:126,26,0,0
BRDA:126,26,1,0
BRDA:128,27,0,0
BRDA:128,27,1,0
BRDA:139,28,0,0
BRDA:158,29,0,0
BRDA:158,29,1,0
BRDA:160,30,0,0
BRDA:166,31,0,0
BRDA:175,32,0,0
BRDA:175,32,1,0
BRDA:175,32,2,0
BRDA:175,32,3,0
BRDA:175,32,4,0
BRDA:175,32,5,0
BRDA:186,33,0,0
BRDA:187,34,0,0
BRDA:188,35,0,0
BRDA:189,36,0,0
BRDA:190,37,0,0
BRDA:190,38,0,0
BRDA:190,38,1,0
BRDA:195,39,0,0
BRDA:236,40,0,0
BRDA:236,40,1,0
BRDA:243,41,0,0
BRDA:262,42,0,0
BRDA:271,43,0,0
BRDA:287,44,0,0
BRDA:319,45,0,0
BRDA:319,45,1,0
BRDA:346,46,0,0
BRDA:350,47,0,0
BRDA:392,48,0,0
BRDA:394,49,0,0
BRDA:394,49,1,0
BRDA:406,50,0,0
BRDA:406,50,1,0
BRDA:415,51,0,0
BRDA:419,52,0,0
BRDA:441,53,0,0
BRDA:441,53,1,0
BRF:89
BRH:0
end_of_record
TN:
SF:components\SubscriptionManager.js
FN:36,(anonymous_5)
FN:51,(anonymous_6)
FN:55,(anonymous_7)
FN:68,(anonymous_8)
FN:74,(anonymous_9)
FN:74,(anonymous_10)
FN:90,(anonymous_11)
FN:96,(anonymous_12)
FN:96,(anonymous_13)
FN:112,(anonymous_14)
FN:122,(anonymous_15)
FN:122,(anonymous_16)
FN:141,(anonymous_17)
FN:149,(anonymous_18)
FN:153,(anonymous_19)
FN:179,(anonymous_20)
FN:180,(anonymous_21)
FN:181,(anonymous_22)
FN:245,(anonymous_23)
FN:296,(anonymous_24)
FN:304,(anonymous_25)
FN:312,(anonymous_26)
FN:331,(anonymous_27)
FN:360,(anonymous_28)
FN:369,(anonymous_29)
FN:388,(anonymous_30)
FN:434,(anonymous_31)
FN:453,(anonymous_32)
FN:458,(anonymous_33)
FN:475,(anonymous_34)
FN:491,(anonymous_35)
FNF:31
FNH:0
FNDA:0,(anonymous_5)
FNDA:0,(anonymous_6)
FNDA:0,(anonymous_7)
FNDA:0,(anonymous_8)
FNDA:0,(anonymous_9)
FNDA:0,(anonymous_10)
FNDA:0,(anonymous_11)
FNDA:0,(anonymous_12)
FNDA:0,(anonymous_13)
FNDA:0,(anonymous_14)
FNDA:0,(anonymous_15)
FNDA:0,(anonymous_16)
FNDA:0,(anonymous_17)
FNDA:0,(anonymous_18)
FNDA:0,(anonymous_19)
FNDA:0,(anonymous_20)
FNDA:0,(anonymous_21)
FNDA:0,(anonymous_22)
FNDA:0,(anonymous_23)
FNDA:0,(anonymous_24)
FNDA:0,(anonymous_25)
FNDA:0,(anonymous_26)
FNDA:0,(anonymous_27)
FNDA:0,(anonymous_28)
FNDA:0,(anonymous_29)
FNDA:0,(anonymous_30)
FNDA:0,(anonymous_31)
FNDA:0,(anonymous_32)
FNDA:0,(anonymous_33)
FNDA:0,(anonymous_34)
FNDA:0,(anonymous_35)
DA:1,0
DA:22,0
DA:33,0
DA:34,0
DA:36,0
DA:37,0
DA:38,0
DA:40,0
DA:41,0
DA:42,0
DA:43,0
DA:46,0
DA:47,0
DA:48,0
DA:51,0
DA:52,0
DA:55,0
DA:56,0
DA:57,0
DA:58,0
DA:59,0
DA:61,0
DA:62,0
DA:64,0
DA:68,0
DA:69,0
DA:70,0
DA:71,0
DA:74,0
DA:75,0
DA:81,0
DA:83,0
DA:84,0
DA:86,0
DA:90,0
DA:91,0
DA:92,0
DA:93,0
DA:96,0
DA:97,0
DA:103,0
DA:105,0
DA:106,0
DA:108,0
DA:112,0
DA:113,0
DA:115,0
DA:116,0
DA:117,0
DA:122,0
DA:123,0
DA:128,0
DA:129,0
DA:132,0
DA:134,0
DA:135,0
DA:137,0
DA:141,0
DA:142,0
DA:149,0
DA:150,0
DA:153,0
DA:154,0
DA:155,0
DA:156,0
DA:157,0
DA:160,0
DA:171,0
DA:179,0
DA:180,0
DA:181,0
DA:246,0
DA:296,0
DA:304,0
DA:312,0
DA:332,0
DA:360,0
DA:369,0
DA:389,0
DA:434,0
DA:453,0
DA:458,0
DA:475,0
DA:491,0
DA:500,0
LF:85
LH:0
BRDA:59,0,0,0
BRDA:59,0,1,0
BRDA:75,1,0,0
BRDA:75,1,1,0
BRDA:97,2,0,0
BRDA:97,2,1,0
BRDA:113,3,0,0
BRDA:123,4,0,0
BRDA:123,4,1,0
BRDA:157,5,0,0
BRDA:157,5,1,0
BRDA:160,6,0,0
BRDA:171,7,0,0
BRDA:239,8,0,0
BRDA:273,9,0,0
BRDA:277,10,0,0
BRDA:325,11,0,0
BRDA:382,12,0,0
BRDA:420,13,0,0
BRDA:467,14,0,0
BRDA:467,14,1,0
BRF:21
BRH:0
end_of_record
TN:
SF:components\SubscriptionPlans.js
FN:34,(anonymous_5)
FN:60,(anonymous_6)
FN:64,(anonymous_7)
FN:77,(anonymous_8)
FN:86,(anonymous_9)
FN:120,(anonymous_10)
FN:160,(anonymous_11)
FN:248,(anonymous_12)
FN:264,(anonymous_13)
FN:297,(anonymous_14)
FN:297,(anonymous_15)
FN:306,(anonymous_16)
FN:306,(anonymous_17)
FN:315,(anonymous_18)
FN:315,(anonymous_19)
FN:323,(anonymous_20)
FN:323,(anonymous_21)
FN:332,(anonymous_22)
FN:332,(anonymous_23)
FN:340,(anonymous_24)
FN:340,(anonymous_25)
FN:350,(anonymous_26)
FN:350,(anonymous_27)
FN:371,(anonymous_28)
FNF:24
FNH:0
FNDA:0,(anonymous_5)
FNDA:0,(anonymous_6)
FNDA:0,(anonymous_7)
FNDA:0,(anonymous_8)
FNDA:0,(anonymous_9)
FNDA:0,(anonymous_10)
FNDA:0,(anonymous_11)
FNDA:0,(anonymous_12)
FNDA:0,(anonymous_13)
FNDA:0,(anonymous_14)
FNDA:0,(anonymous_15)
FNDA:0,(anonymous_16)
FNDA:0,(anonymous_17)
FNDA:0,(anonymous_18)
FNDA:0,(anonymous_19)
FNDA:0,(anonymous_20)
FNDA:0,(anonymous_21)
FNDA:0,(anonymous_22)
FNDA:0,(anonymous_23)
FNDA:0,(anonymous_24)
FNDA:0,(anonymous_25)
FNDA:0,(anonymous_26)
FNDA:0,(anonymous_27)
FNDA:0,(anonymous_28)
DA:1,0
DA:24,0
DA:31,0
DA:32,0
DA:34,0
DA:40,0
DA:41,0
DA:43,0
DA:44,0
DA:45,0
DA:46,0
DA:47,0
DA:48,0
DA:57,0
DA:60,0
DA:61,0
DA:64,0
DA:65,0
DA:66,0
DA:67,0
DA:68,0
DA:70,0
DA:71,0
DA:73,0
DA:77,0
DA:78,0
DA:79,0
DA:80,0
DA:82,0
DA:86,0
DA:87,0
DA:88,0
DA:89,0
DA:92,0
DA:93,0
DA:94,0
DA:96,0
DA:103,0
DA:106,0
DA:107,0
DA:110,0
DA:113,0
DA:114,0
DA:116,0
DA:120,0
DA:121,0
DA:123,0
DA:131,0
DA:142,0
DA:161,0
DA:162,0
DA:164,0
DA:248,0
DA:264,0
DA:297,0
DA:306,0
DA:315,0
DA:323,0
DA:332,0
DA:340,0
DA:350,0
DA:371,0
DA:389,0
LF:63
LH:0
BRDA:36,0,0,0
BRDA:37,1,0,0
BRDA:38,2,0,0
BRDA:68,3,0,0
BRDA:68,3,1,0
BRDA:79,4,0,0
BRDA:79,4,1,0
BRDA:87,5,0,0
BRDA:87,6,0,0
BRDA:87,6,1,0
BRDA:99,7,0,0
BRDA:99,7,1,0
BRDA:114,8,0,0
BRDA:114,8,1,0
BRDA:121,9,0,0
BRDA:121,10,0,0
BRDA:121,10,1,0
BRDA:131,11,0,0
BRDA:142,12,0,0
BRDA:161,13,0,0
BRDA:161,13,1,0
BRDA:172,14,0,0
BRDA:172,14,1,0
BRDA:173,15,0,0
BRDA:173,15,1,0
BRDA:178,16,0,0
BRDA:197,17,0,0
BRDA:197,17,1,0
BRDA:215,18,0,0
BRDA:245,19,0,0
BRDA:245,19,1,0
BRDA:252,20,0,0
BRDA:252,20,1,0
BRDA:264,21,0,0
BRDA:264,21,1,0
BRDA:273,22,0,0
BRDA:273,22,1,0
BRDA:363,23,0,0
BRDA:379,24,0,0
BRDA:379,24,1,0
BRDA:379,24,2,0
BRDA:379,24,3,0
BRDA:379,24,4,0
BRDA:381,25,0,0
BRDA:381,25,1,0
BRF:45
BRH:0
end_of_record
TN:
SF:components\Testimonials.js
FN:7,(anonymous_2)
FN:62,(anonymous_3)
FN:63,(anonymous_4)
FN:147,(anonymous_5)
FNF:4
FNH:0
FNDA:0,(anonymous_2)
FNDA:0,(anonymous_3)
FNDA:0,(anonymous_4)
FNDA:0,(anonymous_5)
DA:1,0
DA:2,0
DA:3,0
DA:4,0
DA:5,0
DA:7,0
DA:8,0
DA:9,0
DA:11,0
DA:62,0
DA:63,0
DA:64,0
DA:148,0
DA:291,0
LF:14
LH:0
BRDA:67,0,0,0
BRDA:67,0,1,0
BRF:2
BRH:0
end_of_record
TN:
SF:components\Toast.js
FN:5,(anonymous_2)
FN:8,(anonymous_3)
FN:12,(anonymous_4)
FN:20,(anonymous_5)
FNF:4
FNH:0
FNDA:0,(anonymous_2)
FNDA:0,(anonymous_3)
FNDA:0,(anonymous_4)
FNDA:0,(anonymous_5)
DA:1,0
DA:2,0
DA:5,0
DA:6,0
DA:8,0
DA:9,0
DA:12,0
DA:13,0
DA:14,0
DA:16,0
DA:17,0
DA:20,0
DA:21,0
DA:23,0
DA:25,0
DA:27,0
DA:30,0
DA:55,0
LF:18
LH:0
BRDA:5,0,0,0
BRDA:5,1,0,0
BRDA:13,2,0,0
BRDA:17,3,0,0
BRDA:17,3,1,0
BRDA:21,4,0,0
BRDA:21,4,1,0
BRDA:21,4,2,0
BRDA:21,4,3,0
BRDA:21,4,4,0
BRDA:48,5,0,0
BRF:11
BRH:0
end_of_record
TN:
SF:components\ToastContext.js
FN:6,(anonymous_4)
FN:14,(anonymous_5)
FN:17,(anonymous_6)
FN:28,(anonymous_7)
FN:33,(anonymous_8)
FN:34,(anonymous_9)
FN:34,(anonymous_10)
FN:37,(anonymous_11)
FN:38,(anonymous_12)
FN:39,(anonymous_13)
FN:40,(anonymous_14)
FN:54,(anonymous_15)
FN:58,(anonymous_16)
FNF:13
FNH:0
FNDA:0,(anonymous_4)
FNDA:0,(anonymous_5)
FNDA:0,(anonymous_6)
FNDA:0,(anonymous_7)
FNDA:0,(anonymous_8)
FNDA:0,(anonymous_9)
FNDA:0,(anonymous_10)
FNDA:0,(anonymous_11)
FNDA:0,(anonymous_12)
FNDA:0,(anonymous_13)
FNDA:0,(anonymous_14)
FNDA:0,(anonymous_15)
FNDA:0,(anonymous_16)
DA:1,0
DA:2,0
DA:4,0
DA:6,0
DA:7,0
DA:8,0
DA:9,0
DA:11,0
DA:14,0
DA:15,0
DA:17,0
DA:18,0
DA:19,0
DA:28,0
DA:30,0
DA:33,0
DA:34,0
DA:37,0
DA:38,0
DA:39,0
DA:40,0
DA:42,0
DA:55,0
DA:58,0
LF:24
LH:0
BRDA:8,0,0,0
BRDA:17,1,0,0
BRF:2
BRH:0
end_of_record
TN:
SF:components\VirtualizedList.js
FN:4,(anonymous_1)
FN:29,(anonymous_2)
FN:42,(anonymous_3)
FN:69,(anonymous_4)
FNF:4
FNH:0
FNDA:0,(anonymous_1)
FNDA:0,(anonymous_2)
FNDA:0,(anonymous_3)
FNDA:0,(anonymous_4)
DA:1,0
DA:2,0
DA:4,0
DA:14,0
DA:15,0
DA:16,0
DA:18,0
DA:21,0
DA:22,0
DA:27,0
DA:29,0
DA:30,0
DA:31,0
DA:34,0
DA:35,0
DA:36,0
DA:37,0
DA:42,0
DA:43,0
DA:44,0
DA:45,0
DA:70,0
DA:104,0
LF:23
LH:0
BRDA:6,0,0,0
BRDA:7,1,0,0
BRDA:9,2,0,0
BRDA:11,3,0,0
BRDA:12,4,0,0
BRDA:34,5,0,0
BRDA:34,6,0,0
BRDA:34,6,1,0
BRDA:34,6,2,0
BRDA:36,7,0,0
BRDA:44,8,0,0
BRDA:71,9,0,0
BRDA:71,9,1,0
BRDA:84,10,0,0
BRF:14
BRH:0
end_of_record
TN:
SF:pages\_app.performance.js
FN:18,MyApp
FN:19,(anonymous_3)
FNF:2
FNH:0
FNDA:0,MyApp
FNDA:0,(anonymous_3)
DA:1,0
DA:2,0
DA:3,0
DA:4,0
DA:5,0
DA:6,0
DA:7,0
DA:8,0
DA:9,0
DA:10,0
DA:11,0
DA:14,0
DA:16,0
DA:19,0
DA:21,0
DA:66,0
LF:16
LH:0
BRF:0
BRH:0
end_of_record
TN:
SF:pages\checkout.js
FN:30,CheckoutContent
FN:57,(anonymous_3)
FN:64,(anonymous_4)
FN:71,(anonymous_5)
FN:103,(anonymous_6)
FN:115,(anonymous_7)
FN:159,(anonymous_8)
FN:211,(anonymous_9)
FN:295,(anonymous_10)
FN:323,(anonymous_11)
FN:326,(anonymous_12)
FN:337,Checkout
FNF:12
FNH:0
FNDA:0,CheckoutContent
FNDA:0,(anonymous_3)
FNDA:0,(anonymous_4)
FNDA:0,(anonymous_5)
FNDA:0,(anonymous_6)
FNDA:0,(anonymous_7)
FNDA:0,(anonymous_8)
FNDA:0,(anonymous_9)
FNDA:0,(anonymous_10)
FNDA:0,(anonymous_11)
FNDA:0,(anonymous_12)
FNDA:0,Checkout
DA:1,0
DA:2,0
DA:19,0
DA:25,0
DA:26,0
DA:27,0
DA:28,0
DA:31,0
DA:32,0
DA:33,0
DA:34,0
DA:35,0
DA:36,0
DA:37,0
DA:38,0
DA:44,0
DA:53,0
DA:55,0
DA:57,0
DA:58,0
DA:64,0
DA:65,0
DA:66,0
DA:67,0
DA:69,0
DA:70,0
DA:71,0
DA:79,0
DA:81,0
DA:89,0
DA:90,0
DA:91,0
DA:93,0
DA:94,0
DA:101,0
DA:103,0
DA:104,0
DA:109,0
DA:112,0
DA:114,0
DA:115,0
DA:116,0
DA:121,0
DA:122,0
DA:124,0
DA:128,0
DA:143,0
DA:159,0
DA:212,0
DA:295,0
DA:323,0
DA:326,0
DA:337,0
LF:53
LH:0
BRDA:79,0,0,0
BRDA:79,0,1,0
BRDA:89,1,0,0
BRDA:89,1,1,0
BRDA:122,2,0,0
BRDA:122,2,1,0
BRDA:128,3,0,0
BRDA:143,4,0,0
BRDA:174,5,0,0
BRDA:174,5,1,0
BRDA:175,6,0,0
BRDA:175,6,1,0
BRDA:176,7,0,0
BRDA:176,7,1,0
BRDA:179,8,0,0
BRDA:184,9,0,0
BRDA:197,10,0,0
BRDA:310,11,0,0
BRDA:310,11,1,0
BRDA:312,12,0,0
BRDA:312,12,1,0
BRDA:312,13,0,0
BRDA:312,13,1,0
BRF:23
BRH:0
end_of_record
TN:
SF:pages\index-final.js
FN:7,Home
FN:22,(anonymous_3)
FN:31,(anonymous_4)
FN:46,(anonymous_5)
FN:56,(anonymous_6)
FN:71,(anonymous_7)
FN:102,(anonymous_8)
FN:127,(anonymous_9)
FN:166,(anonymous_10)
FN:193,(anonymous_11)
FNF:10
FNH:0
FNDA:0,Home
FNDA:0,(anonymous_3)
FNDA:0,(anonymous_4)
FNDA:0,(anonymous_5)
FNDA:0,(anonymous_6)
FNDA:0,(anonymous_7)
FNDA:0,(anonymous_8)
FNDA:0,(anonymous_9)
FNDA:0,(anonymous_10)
FNDA:0,(anonymous_11)
DA:1,0
DA:2,0
DA:3,0
DA:4,0
DA:5,0
DA:7,0
DA:8,0
DA:9,0
DA:10,0
DA:11,0
DA:12,0
DA:13,0
DA:14,0
DA:15,0
DA:16,0
DA:17,0
DA:18,0
DA:19,0
DA:20,0
DA:22,0
DA:23,0
DA:24,0
DA:25,0
DA:26,0
DA:27,0
DA:28,0
DA:31,0
DA:32,0
DA:33,0
DA:34,0
DA:35,0
DA:36,0
DA:37,0
DA:38,0
DA:39,0
DA:40,0
DA:42,0
DA:43,0
DA:44,0
DA:45,0
DA:46,0
DA:48,0
DA:51,0
DA:52,0
DA:56,0
DA:57,0
DA:58,0
DA:59,0
DA:60,0
DA:61,0
DA:62,0
DA:63,0
DA:64,0
DA:65,0
DA:67,0
DA:68,0
DA:69,0
DA:70,0
DA:71,0
DA:73,0
DA:76,0
DA:77,0
DA:103,0
DA:128,0
DA:167,0
DA:194,0
LF:66
LH:0
BRDA:25,0,0,0
BRDA:31,1,0,0
BRDA:32,2,0,0
BRDA:43,3,0,0
BRDA:43,3,1,0
BRDA:43,4,0,0
BRDA:43,4,1,0
BRDA:56,5,0,0
BRDA:57,6,0,0
BRDA:68,7,0,0
BRDA:68,7,1,0
BRDA:68,8,0,0
BRDA:68,8,1,0
BRDA:100,9,0,0
BRDA:100,9,1,0
BRDA:114,10,0,0
BRDA:114,10,1,0
BRDA:164,11,0,0
BRDA:164,11,1,0
BRDA:180,12,0,0
BRDA:180,12,1,0
BRF:21
BRH:0
end_of_record
TN:
SF:pages\index-new.js
FN:7,Home
FN:22,(anonymous_3)
FN:31,(anonymous_4)
FN:46,(anonymous_5)
FN:56,(anonymous_6)
FN:71,(anonymous_7)
FN:102,(anonymous_8)
FN:127,(anonymous_9)
FN:166,(anonymous_10)
FN:193,(anonymous_11)
FNF:10
FNH:0
FNDA:0,Home
FNDA:0,(anonymous_3)
FNDA:0,(anonymous_4)
FNDA:0,(anonymous_5)
FNDA:0,(anonymous_6)
FNDA:0,(anonymous_7)
FNDA:0,(anonymous_8)
FNDA:0,(anonymous_9)
FNDA:0,(anonymous_10)
FNDA:0,(anonymous_11)
DA:1,0
DA:2,0
DA:3,0
DA:4,0
DA:5,0
DA:7,0
DA:8,0
DA:9,0
DA:10,0
DA:11,0
DA:12,0
DA:13,0
DA:14,0
DA:15,0
DA:16,0
DA:17,0
DA:18,0
DA:19,0
DA:20,0
DA:22,0
DA:23,0
DA:24,0
DA:25,0
DA:26,0
DA:27,0
DA:28,0
DA:31,0
DA:32,0
DA:33,0
DA:34,0
DA:35,0
DA:36,0
DA:37,0
DA:38,0
DA:39,0
DA:40,0
DA:42,0
DA:43,0
DA:44,0
DA:45,0
DA:46,0
DA:48,0
DA:51,0
DA:52,0
DA:56,0
DA:57,0
DA:58,0
DA:59,0
DA:60,0
DA:61,0
DA:62,0
DA:63,0
DA:64,0
DA:65,0
DA:67,0
DA:68,0
DA:69,0
DA:70,0
DA:71,0
DA:73,0
DA:76,0
DA:77,0
DA:103,0
DA:128,0
DA:167,0
DA:194,0
LF:66
LH:0
BRDA:25,0,0,0
BRDA:31,1,0,0
BRDA:32,2,0,0
BRDA:43,3,0,0
BRDA:43,3,1,0
BRDA:43,4,0,0
BRDA:43,4,1,0
BRDA:56,5,0,0
BRDA:57,6,0,0
BRDA:68,7,0,0
BRDA:68,7,1,0
BRDA:68,8,0,0
BRDA:68,8,1,0
BRDA:100,9,0,0
BRDA:100,9,1,0
BRDA:114,10,0,0
BRDA:114,10,1,0
BRDA:164,11,0,0
BRDA:164,11,1,0
BRDA:180,12,0,0
BRDA:180,12,1,0
BRF:21
BRH:0
end_of_record
TN:
SF:pages\index.improved.js
FN:13,Home
FN:28,(anonymous_3)
FN:38,(anonymous_4)
FN:49,(anonymous_5)
FN:59,(anonymous_6)
FN:70,(anonymous_7)
FN:151,(anonymous_8)
FN:205,(anonymous_9)
FN:321,(anonymous_10)
FN:377,(anonymous_11)
FNF:10
FNH:0
FNDA:0,Home
FNDA:0,(anonymous_3)
FNDA:0,(anonymous_4)
FNDA:0,(anonymous_5)
FNDA:0,(anonymous_6)
FNDA:0,(anonymous_7)
FNDA:0,(anonymous_8)
FNDA:0,(anonymous_9)
FNDA:0,(anonymous_10)
FNDA:0,(anonymous_11)
DA:1,0
DA:2,0
DA:3,0
DA:4,0
DA:5,0
DA:6,0
DA:7,0
DA:8,0
DA:9,0
DA:10,0
DA:11,0
DA:13,0
DA:14,0
DA:15,0
DA:16,0
DA:17,0
DA:18,0
DA:19,0
DA:20,0
DA:21,0
DA:22,0
DA:23,0
DA:24,0
DA:25,0
DA:26,0
DA:28,0
DA:29,0
DA:30,0
DA:31,0
DA:32,0
DA:36,0
DA:38,0
DA:39,0
DA:40,0
DA:41,0
DA:42,0
DA:43,0
DA:44,0
DA:45,0
DA:47,0
DA:48,0
DA:49,0
DA:51,0
DA:54,0
DA:55,0
DA:59,0
DA:60,0
DA:61,0
DA:62,0
DA:63,0
DA:64,0
DA:65,0
DA:66,0
DA:68,0
DA:69,0
DA:70,0
DA:72,0
DA:75,0
DA:76,0
DA:152,0
DA:206,0
DA:322,0
DA:378,0
LF:63
LH:0
BRDA:29,0,0,0
BRDA:38,1,0,0
BRDA:39,2,0,0
BRDA:47,3,0,0
BRDA:47,3,1,0
BRDA:47,4,0,0
BRDA:47,4,1,0
BRDA:59,5,0,0
BRDA:60,6,0,0
BRDA:68,7,0,0
BRDA:68,7,1,0
BRDA:68,8,0,0
BRDA:68,8,1,0
BRDA:150,9,0,0
BRDA:150,9,1,0
BRDA:157,10,0,0
BRDA:157,10,1,0
BRDA:162,11,0,0
BRDA:162,11,1,0
BRDA:175,12,0,0
BRDA:175,12,1,0
BRDA:211,13,0,0
BRDA:211,13,1,0
BRDA:217,14,0,0
BRDA:217,14,1,0
BRDA:320,15,0,0
BRDA:320,15,1,0
BRDA:327,16,0,0
BRDA:327,16,1,0
BRDA:347,17,0,0
BRDA:347,17,1,0
BRDA:383,18,0,0
BRDA:383,18,1,0
BRDA:390,19,0,0
BRDA:390,19,1,0
BRF:35
BRH:0
end_of_record
TN:
SF:pages\index.js
FN:13,Home
FN:28,(anonymous_3)
FN:38,(anonymous_4)
FN:49,(anonymous_5)
FN:59,(anonymous_6)
FN:70,(anonymous_7)
FN:151,(anonymous_8)
FN:205,(anonymous_9)
FN:321,(anonymous_10)
FN:377,(anonymous_11)
FNF:10
FNH:0
FNDA:0,Home
FNDA:0,(anonymous_3)
FNDA:0,(anonymous_4)
FNDA:0,(anonymous_5)
FNDA:0,(anonymous_6)
FNDA:0,(anonymous_7)
FNDA:0,(anonymous_8)
FNDA:0,(anonymous_9)
FNDA:0,(anonymous_10)
FNDA:0,(anonymous_11)
DA:1,0
DA:2,0
DA:3,0
DA:4,0
DA:5,0
DA:6,0
DA:7,0
DA:8,0
DA:9,0
DA:10,0
DA:11,0
DA:13,0
DA:14,0
DA:15,0
DA:16,0
DA:17,0
DA:18,0
DA:19,0
DA:20,0
DA:21,0
DA:22,0
DA:23,0
DA:24,0
DA:25,0
DA:26,0
DA:28,0
DA:29,0
DA:30,0
DA:31,0
DA:32,0
DA:36,0
DA:38,0
DA:39,0
DA:40,0
DA:41,0
DA:42,0
DA:43,0
DA:44,0
DA:45,0
DA:47,0
DA:48,0
DA:49,0
DA:51,0
DA:54,0
DA:55,0
DA:59,0
DA:60,0
DA:61,0
DA:62,0
DA:63,0
DA:64,0
DA:65,0
DA:66,0
DA:68,0
DA:69,0
DA:70,0
DA:72,0
DA:75,0
DA:76,0
DA:152,0
DA:206,0
DA:322,0
DA:378,0
LF:63
LH:0
BRDA:29,0,0,0
BRDA:38,1,0,0
BRDA:39,2,0,0
BRDA:47,3,0,0
BRDA:47,3,1,0
BRDA:47,4,0,0
BRDA:47,4,1,0
BRDA:59,5,0,0
BRDA:60,6,0,0
BRDA:68,7,0,0
BRDA:68,7,1,0
BRDA:68,8,0,0
BRDA:68,8,1,0
BRDA:150,9,0,0
BRDA:150,9,1,0
BRDA:157,10,0,0
BRDA:157,10,1,0
BRDA:162,11,0,0
BRDA:162,11,1,0
BRDA:175,12,0,0
BRDA:175,12,1,0
BRDA:211,13,0,0
BRDA:211,13,1,0
BRDA:217,14,0,0
BRDA:217,14,1,0
BRDA:320,15,0,0
BRDA:320,15,1,0
BRDA:327,16,0,0
BRDA:327,16,1,0
BRDA:347,17,0,0
BRDA:347,17,1,0
BRDA:383,18,0,0
BRDA:383,18,1,0
BRDA:390,19,0,0
BRDA:390,19,1,0
BRF:35
BRH:0
end_of_record
TN:
SF:pages\order-confirmation.js
FN:15,OrderConfirmation
FN:22,(anonymous_3)
FN:28,(anonymous_4)
FN:109,(anonymous_5)
FNF:4
FNH:0
FNDA:0,OrderConfirmation
FNDA:0,(anonymous_3)
FNDA:0,(anonymous_4)
FNDA:0,(anonymous_5)
DA:1,0
DA:2,0
DA:11,0
DA:12,0
DA:13,0
DA:15,0
DA:16,0
DA:17,0
DA:18,0
DA:19,0
DA:20,0
DA:22,0
DA:23,0
DA:24,0
DA:28,0
DA:29,0
DA:30,0
DA:31,0
DA:32,0
DA:33,0
DA:36,0
DA:42,0
DA:44,0
DA:45,0
DA:47,0
DA:51,0
DA:59,0
DA:110,0
LF:28
LH:0
BRDA:23,0,0,0
BRDA:31,1,0,0
BRDA:51,2,0,0
BRDA:59,3,0,0
BRDA:59,4,0,0
BRDA:59,4,1,0
BRDA:63,5,0,0
BRDA:63,5,1,0
BRDA:109,6,0,0
BRDA:109,6,1,0
BRF:10
BRH:0
end_of_record
TN:
SF:pages\products.js
FN:35,(anonymous_5)
FN:63,(anonymous_6)
FN:67,(anonymous_7)
FN:69,(anonymous_8)
FN:93,(anonymous_9)
FN:138,(anonymous_10)
FN:150,(anonymous_11)
FN:156,(anonymous_12)
FN:172,(anonymous_13)
FN:185,(anonymous_14)
FN:198,(anonymous_15)
FN:209,(anonymous_16)
FN:232,(anonymous_17)
FN:258,(anonymous_18)
FN:263,(anonymous_19)
FN:295,(anonymous_20)
FN:326,(anonymous_21)
FN:345,(anonymous_22)
FN:350,(anonymous_23)
FN:365,(anonymous_24)
FN:371,(anonymous_25)
FN:445,(anonymous_26)
FNF:22
FNH:0
FNDA:0,(anonymous_5)
FNDA:0,(anonymous_6)
FNDA:0,(anonymous_7)
FNDA:0,(anonymous_8)
FNDA:0,(anonymous_9)
FNDA:0,(anonymous_10)
FNDA:0,(anonymous_11)
FNDA:0,(anonymous_12)
FNDA:0,(anonymous_13)
FNDA:0,(anonymous_14)
FNDA:0,(anonymous_15)
FNDA:0,(anonymous_16)
FNDA:0,(anonymous_17)
FNDA:0,(anonymous_18)
FNDA:0,(anonymous_19)
FNDA:0,(anonymous_20)
FNDA:0,(anonymous_21)
FNDA:0,(anonymous_22)
FNDA:0,(anonymous_23)
FNDA:0,(anonymous_24)
FNDA:0,(anonymous_25)
FNDA:0,(anonymous_26)
DA:1,0
DA:21,0
DA:29,0
DA:30,0
DA:31,0
DA:32,0
DA:33,0
DA:35,0
DA:36,0
DA:37,0
DA:38,0
DA:41,0
DA:42,0
DA:43,0
DA:44,0
DA:52,0
DA:53,0
DA:54,0
DA:55,0
DA:56,0
DA:59,0
DA:60,0
DA:63,0
DA:64,0
DA:66,0
DA:67,0
DA:68,0
DA:69,0
DA:77,0
DA:78,0
DA:81,0
DA:93,0
DA:94,0
DA:95,0
DA:96,0
DA:98,0
DA:112,0
DA:113,0
DA:115,0
DA:116,0
DA:119,0
DA:120,0
DA:121,0
DA:122,0
DA:123,0
DA:124,0
DA:126,0
DA:127,0
DA:130,0
DA:131,0
DA:133,0
DA:138,0
DA:139,0
DA:140,0
DA:150,0
DA:151,0
DA:152,0
DA:156,0
DA:157,0
DA:158,0
DA:159,0
DA:166,0
DA:167,0
DA:172,0
DA:173,0
DA:174,0
DA:175,0
DA:176,0
DA:185,0
DA:186,0
DA:187,0
DA:188,0
DA:198,0
DA:199,0
DA:209,0
DA:210,0
DA:211,0
DA:212,0
DA:213,0
DA:214,0
DA:215,0
DA:216,0
DA:217,0
DA:221,0
DA:232,0
DA:233,0
DA:259,0
DA:263,0
DA:295,0
DA:326,0
DA:346,0
DA:347,0
DA:351,0
DA:365,0
DA:371,0
DA:445,0
DA:465,0
LF:97
LH:0
BRDA:66,0,0,0
BRDA:67,1,0,0
BRDA:68,2,0,0
BRDA:68,3,0,0
BRDA:68,3,1,0
BRDA:72,4,0,0
BRDA:72,4,1,0
BRDA:73,5,0,0
BRDA:73,5,1,0
BRDA:77,6,0,0
BRDA:78,7,0,0
BRDA:82,8,0,0
BRDA:82,8,1,0
BRDA:84,9,0,0
BRDA:84,9,1,0
BRDA:85,10,0,0
BRDA:85,10,1,0
BRDA:86,11,0,0
BRDA:86,11,1,0
BRDA:87,12,0,0
BRDA:87,12,1,0
BRDA:88,13,0,0
BRDA:88,13,1,0
BRDA:93,14,0,0
BRDA:99,15,0,0
BRDA:99,15,1,0
BRDA:100,16,0,0
BRDA:100,16,1,0
BRDA:100,16,2,0
BRDA:101,17,0,0
BRDA:101,17,1,0
BRDA:101,17,2,0
BRDA:102,18,0,0
BRDA:102,18,1,0
BRDA:102,18,2,0
BRDA:103,19,0,0
BRDA:103,19,1,0
BRDA:103,19,2,0
BRDA:104,20,0,0
BRDA:104,20,1,0
BRDA:104,20,2,0
BRDA:105,21,0,0
BRDA:105,21,1,0
BRDA:106,22,0,0
BRDA:106,22,1,0
BRDA:107,23,0,0
BRDA:107,23,1,0
BRDA:108,24,0,0
BRDA:108,24,1,0
BRDA:115,25,0,0
BRDA:115,25,1,0
BRDA:116,26,0,0
BRDA:116,26,1,0
BRDA:120,27,0,0
BRDA:121,28,0,0
BRDA:122,29,0,0
BRDA:123,30,0,0
BRDA:124,31,0,0
BRDA:124,32,0,0
BRDA:124,32,1,0
BRDA:126,33,0,0
BRDA:126,33,1,0
BRDA:166,34,0,0
BRDA:185,35,0,0
BRDA:211,36,0,0
BRDA:212,37,0,0
BRDA:212,38,0,0
BRDA:212,38,1,0
BRDA:213,39,0,0
BRDA:213,40,0,0
BRDA:213,40,1,0
BRDA:214,41,0,0
BRDA:214,42,0,0
BRDA:214,42,1,0
BRDA:215,43,0,0
BRDA:215,44,0,0
BRDA:215,44,1,0
BRDA:215,44,2,0
BRDA:233,45,0,0
BRDA:233,46,0,0
BRDA:233,46,1,0
BRDA:242,47,0,0
BRDA:259,48,0,0
BRDA:259,48,1,0
BRDA:289,49,0,0
BRDA:289,49,1,0
BRDA:292,50,0,0
BRDA:300,51,0,0
BRDA:302,52,0,0
BRDA:302,52,1,0
BRDA:324,53,0,0
BRDA:324,53,1,0
BRDA:327,54,0,0
BRDA:327,54,1,0
BRDA:330,55,0,0
BRDA:351,56,0,0
BRDA:351,56,1,0
BRDA:351,57,0,0
BRDA:351,57,1,0
BRDA:366,58,0,0
BRDA:366,58,1,0
BRDA:372,59,0,0
BRDA:372,59,1,0
BRDA:382,60,0,0
BRDA:400,61,0,0
BRDA:400,61,1,0
BRDA:400,62,0,0
BRDA:400,62,1,0
BRDA:402,63,0,0
BRDA:410,64,0,0
BRDA:417,65,0,0
BRDA:424,66,0,0
BRDA:424,66,1,0
BRDA:427,67,0,0
BRDA:427,67,1,0
BRDA:434,68,0,0
BRDA:434,68,1,0
BRDA:444,69,0,0
BRDA:444,69,1,0
BRF:119
BRH:0
end_of_record
TN:
SF:pages\subscriptions.js
FN:21,(anonymous_5)
FN:29,(anonymous_6)
FN:33,(anonymous_7)
FN:51,(anonymous_8)
FN:101,(anonymous_9)
FN:149,(anonymous_10)
FN:171,(anonymous_11)
FN:193,(anonymous_12)
FNF:8
FNH:0
FNDA:0,(anonymous_5)
FNDA:0,(anonymous_6)
FNDA:0,(anonymous_7)
FNDA:0,(anonymous_8)
FNDA:0,(anonymous_9)
FNDA:0,(anonymous_10)
FNDA:0,(anonymous_11)
FNDA:0,(anonymous_12)
DA:1,0
DA:11,0
DA:17,0
DA:18,0
DA:19,0
DA:21,0
DA:22,0
DA:23,0
DA:24,0
DA:26,0
DA:27,0
DA:29,0
DA:30,0
DA:33,0
DA:34,0
DA:36,0
DA:39,0
DA:53,0
DA:102,0
DA:149,0
DA:171,0
DA:193,0
DA:312,0
LF:23
LH:0
BRDA:90,0,0,0
BRDA:90,0,1,0
BRDA:91,1,0,0
BRDA:91,1,1,0
BRDA:105,2,0,0
BRDA:105,2,1,0
BRDA:108,3,0,0
BRDA:108,3,1,0
BRDA:110,4,0,0
BRDA:110,4,1,0
BRDA:111,5,0,0
BRDA:111,5,1,0
BRF:12
BRH:0
end_of_record
TN:
SF:pages\account\login.js
FN:17,Login
FN:27,(anonymous_3)
FN:34,(anonymous_4)
FNF:3
FNH:0
FNDA:0,Login
FNDA:0,(anonymous_3)
FNDA:0,(anonymous_4)
DA:1,0
DA:2,0
DA:12,0
DA:13,0
DA:14,0
DA:15,0
DA:17,0
DA:18,0
DA:19,0
DA:20,0
DA:24,0
DA:25,0
DA:27,0
DA:28,0
DA:34,0
DA:35,0
DA:36,0
DA:37,0
DA:39,0
DA:41,0
DA:43,0
DA:45,0
DA:46,0
DA:48,0
DA:51,0
DA:52,0
DA:54,0
LF:27
LH:0
BRDA:43,0,0,0
BRDA:43,0,1,0
BRDA:45,1,0,0
BRDA:45,1,1,0
BRDA:52,2,0,0
BRDA:52,2,1,0
BRDA:65,3,0,0
BRDA:110,4,0,0
BRDA:110,4,1,0
BRF:9
BRH:0
end_of_record
TN:
SF:pages\account\orders.js
FN:36,OrdersContent
FN:56,(anonymous_3)
FN:62,(anonymous_4)
FN:69,(anonymous_5)
FN:81,(anonymous_6)
FN:86,(anonymous_7)
[...]
BRDA:479,52,0,0
BRDA:479,53,0,0
BRDA:479,53,1,0
BRDA:492,54,0,0
BRDA:492,54,1,0
BRDA:492,54,2,0
BRDA:492,54,3,0
BRDA:511,55,0,0
BRDA:511,55,1,0
BRDA:512,56,0,0
BRDA:512,56,1,0
BRF:103
BRH:0
end_of_record
TN:
SF:utils\bundleOptimization.js
FN:4,(anonymous_13)
FN:5,(anonymous_14)
FN:9,(anonymous_15)
FN:10,(anonymous_16)
FN:11,(anonymous_17)
FN:32,(anonymous_19)
FN:34,(anonymous_20)
FN:35,(anonymous_21)
FN:36,(anonymous_22)
FN:39,(anonymous_23)
FN:40,(anonymous_24)
FN:41,(anonymous_25)
FN:46,(anonymous_26)
FN:50,(anonymous_27)
FN:51,(anonymous_28)
FN:56,(anonymous_29)
FN:61,(anonymous_30)
FN:70,(anonymous_31)
FN:74,(anonymous_32)
FN:91,(anonymous_33)
FN:99,(anonymous_34)
FN:110,(anonymous_35)
FN:126,(anonymous_36)
FN:128,(anonymous_37)
FN:136,(anonymous_38)
FN:144,(anonymous_39)
FN:147,(anonymous_40)
FN:161,(anonymous_41)
FN:164,(anonymous_42)
FN:184,(anonymous_43)
FN:203,(anonymous_44)
FNF:31
FNH:0
FNDA:0,(anonymous_13)
FNDA:0,(anonymous_14)
FNDA:0,(anonymous_15)
FNDA:0,(anonymous_16)
FNDA:0,(anonymous_17)
FNDA:0,(anonymous_19)
FNDA:0,(anonymous_20)
FNDA:0,(anonymous_21)
FNDA:0,(anonymous_22)
FNDA:0,(anonymous_23)
FNDA:0,(anonymous_24)
FNDA:0,(anonymous_25)
FNDA:0,(anonymous_26)
FNDA:0,(anonymous_27)
FNDA:0,(anonymous_28)
FNDA:0,(anonymous_29)
FNDA:0,(anonymous_30)
FNDA:0,(anonymous_31)
FNDA:0,(anonymous_32)
FNDA:0,(anonymous_33)
FNDA:0,(anonymous_34)
FNDA:0,(anonymous_35)
FNDA:0,(anonymous_36)
FNDA:0,(anonymous_37)
FNDA:0,(anonymous_38)
FNDA:0,(anonymous_39)
FNDA:0,(anonymous_40)
FNDA:0,(anonymous_41)
FNDA:0,(anonymous_42)
FNDA:0,(anonymous_43)
FNDA:0,(anonymous_44)
DA:4,0
DA:5,0
DA:9,0
DA:10,0
DA:11,0
DA:12,0
DA:13,0
DA:24,0
DA:25,0
DA:28,0
DA:32,0
DA:34,0
DA:35,0
DA:36,0
DA:39,0
DA:40,0
DA:41,0
DA:46,0
DA:47,0
DA:49,0
DA:50,0
DA:51,0
DA:53,0
DA:56,0
DA:61,0
DA:70,0
DA:71,0
DA:74,0
DA:75,0
DA:76,0
DA:77,0
DA:79,0
DA:80,0
DA:91,0
DA:92,0
DA:93,0
DA:98,0
DA:99,0
DA:100,0
DA:101,0
DA:102,0
DA:105,0
DA:110,0
DA:111,0
DA:113,0
DA:126,0
DA:127,0
DA:128,0
DA:129,0
DA:131,0
DA:136,0
DA:137,0
DA:139,0
DA:140,0
DA:141,0
DA:144,0
DA:145,0
DA:146,0
DA:147,0
DA:148,0
DA:150,0
DA:156,0
DA:161,0
DA:162,0
DA:164,0
DA:165,0
DA:166,0
DA:168,0
DA:169,0
DA:176,0
DA:177,0
DA:184,0
DA:185,0
DA:188,0
DA:191,0
DA:194,0
DA:197,0
DA:200,0
DA:203,0
DA:204,0
DA:205,0
DA:206,0
LF:82
LH:0
BRDA:9,0,0,0
BRDA:24,1,0,0
BRDA:24,2,0,0
BRDA:24,2,1,0
BRDA:47,3,0,0
BRDA:71,4,0,0
BRDA:76,5,0,0
BRDA:79,6,0,0
BRDA:101,7,0,0
BRDA:111,8,0,0
BRDA:137,9,0,0
BRDA:137,10,0,0
BRDA:137,10,1,0
BRDA:146,11,0,0
BRDA:148,12,0,0
BRDA:148,13,0,0
BRDA:148,13,1,0
BRDA:162,14,0,0
BRDA:162,15,0,0
BRDA:162,15,1,0
BRDA:168,16,0,0
BRDA:176,17,0,0
BRDA:185,18,0,0
BRDA:205,19,0,0
BRF:24
BRH:0
end_of_record
TN:
SF:utils\luxury-theme.js
FNF:0
FNH:0
DA:1,0
DA:4,0
DA:68,0
DA:186,0
DA:225,0
DA:257,0
DA:392,0
DA:444,0
LF:8
LH:0
BRF:0
BRH:0
end_of_record
TN:
SF:utils\pushNotifications.js
FN:2,(anonymous_6)
FN:20,(anonymous_7)
FN:40,(anonymous_8)
FN:56,(anonymous_9)
FN:79,urlBase64ToUint8Array
FN:94,(anonymous_11)
FNF:6
FNH:0
FNDA:0,(anonymous_6)
FNDA:0,(anonymous_7)
FNDA:0,(anonymous_8)
FNDA:0,(anonymous_9)
FNDA:0,urlBase64ToUint8Array
FNDA:0,(anonymous_11)
DA:2,0
DA:3,0
DA:4,0
DA:5,0
DA:8,0
DA:9,0
DA:12,0
DA:13,0
DA:14,0
DA:17,0
DA:20,0
DA:21,0
DA:22,0
DA:23,0
DA:26,0
DA:27,0
DA:28,0
DA:33,0
DA:35,0
DA:36,0
DA:40,0
DA:41,0
DA:42,0
DA:45,0
DA:46,0
DA:47,0
DA:48,0
DA:49,0
DA:52,0
DA:56,0
DA:57,0
DA:58,0
DA:61,0
DA:62,0
DA:63,0
DA:74,0
DA:80,0
DA:81,0
DA:85,0
DA:86,0
DA:88,0
DA:89,0
DA:91,0
DA:94,0
DA:95,0
DA:96,0
DA:99,0
DA:100,0
DA:101,0
DA:103,0
LF:50
LH:0
BRDA:3,0,0,0
BRDA:8,1,0,0
BRDA:12,2,0,0
BRDA:21,3,0,0
BRDA:41,4,0,0
BRDA:48,5,0,0
BRDA:56,6,0,0
BRDA:57,7,0,0
BRDA:95,8,0,0
BRF:9
BRH:0
end_of_record
TN:
SF:utils\pwaUtils.js
FN:7,(anonymous_5)
FN:14,(anonymous_6)
FN:15,(anonymous_7)
FN:18,(anonymous_8)
FN:19,(anonymous_9)
FN:24,(anonymous_10)
FN:48,(anonymous_11)
FN:51,(anonymous_12)
FN:65,(anonymous_13)
FN:66,(anonymous_14)
FN:71,(anonymous_15)
FN:74,(anonymous_16)
FN:86,(anonymous_17)
FN:87,(anonymous_18)
FN:92,(anonymous_19)
FN:95,(anonymous_20)
FN:100,(anonymous_21)
FN:105,(anonymous_22)
FN:106,(anonymous_23)
FN:111,(anonymous_24)
FN:116,(anonymous_25)
FN:119,(anonymous_26)
FN:124,(anonymous_27)
FN:125,(anonymous_28)
FN:130,(anonymous_29)
FN:133,(anonymous_30)
FN:138,(anonymous_31)
FN:139,(anonymous_32)
FN:144,(anonymous_33)
FN:147,(anonymous_34)
FN:160,(anonymous_35)
FN:161,(anonymous_36)
FN:166,(anonymous_37)
FN:169,(anonymous_38)
FN:174,(anonymous_39)
FN:186,(anonymous_40)
FN:191,(anonymous_41)
FN:194,(anonymous_42)
FN:199,(anonymous_43)
FN:200,(anonymous_44)
FN:205,(anonymous_45)
FN:208,(anonymous_46)
FN:213,(anonymous_47)
FN:214,(anonymous_48)
FN:227,(anonymous_49)
FN:234,(anonymous_50)
FN:256,(anonymous_51)
FN:264,(anonymous_52)
FN:274,(anonymous_53)
FN:283,(anonymous_54)
FN:341,(anonymous_55)
FN:379,(anonymous_56)
FN:400,(anonymous_57)
FN:418,(anonymous_58)
FN:432,(anonymous_59)
FN:439,(anonymous_60)
FN:452,(anonymous_61)
FN:461,(anonymous_62)
FN:469,(anonymous_63)
FN:477,(anonymous_64)
FN:492,(anonymous_65)
FN:512,(anonymous_66)
FN:518,(anonymous_67)
FN:519,(anonymous_68)
FN:520,(anonymous_69)
FN:528,(anonymous_70)
FN:536,(anonymous_71)
FN:550,(anonymous_72)
FN:556,(anonymous_73)
FN:570,(anonymous_74)
FN:575,(anonymous_75)
FN:589,(anonymous_76)
FN:596,(anonymous_77)
FN:613,(anonymous_78)
FN:659,(anonymous_79)
FN:676,(anonymous_80)
FN:690,(anonymous_81)
FN:703,(anonymous_82)
FN:716,(anonymous_83)
FN:720,(anonymous_84)
FN:721,(anonymous_85)
FN:722,(anonymous_86)
FN:728,(anonymous_87)
FN:730,(anonymous_88)
FN:738,(anonymous_89)
FN:740,(anonymous_90)
FNF:86
FNH:0
FNDA:0,(anonymous_5)
FNDA:0,(anonymous_6)
FNDA:0,(anonymous_7)
FNDA:0,(anonymous_8)
FNDA:0,(anonymous_9)
FNDA:0,(anonymous_10)
FNDA:0,(anonymous_11)
FNDA:0,(anonymous_12)
FNDA:0,(anonymous_13)
FNDA:0,(anonymous_14)
FNDA:0,(anonymous_15)
FNDA:0,(anonymous_16)
FNDA:0,(anonymous_17)
FNDA:0,(anonymous_18)
FNDA:0,(anonymous_19)
FNDA:0,(anonymous_20)
FNDA:0,(anonymous_21)
FNDA:0,(anonymous_22)
FNDA:0,(anonymous_23)
FNDA:0,(anonymous_24)
FNDA:0,(anonymous_25)
FNDA:0,(anonymous_26)
FNDA:0,(anonymous_27)
FNDA:0,(anonymous_28)
FNDA:0,(anonymous_29)
FNDA:0,(anonymous_30)
FNDA:0,(anonymous_31)
FNDA:0,(anonymous_32)
FNDA:0,(anonymous_33)
FNDA:0,(anonymous_34)
FNDA:0,(anonymous_35)
FNDA:0,(anonymous_36)
FNDA:0,(anonymous_37)
FNDA:0,(anonymous_38)
FNDA:0,(anonymous_39)
FNDA:0,(anonymous_40)
FNDA:0,(anonymous_41)
FNDA:0,(anonymous_42)
FNDA:0,(anonymous_43)
FNDA:0,(anonymous_44)
FNDA:0,(anonymous_45)
FNDA:0,(anonymous_46)
FNDA:0,(anonymous_47)
FNDA:0,(anonymous_48)
FNDA:0,(anonymous_49)
FNDA:0,(anonymous_50)
FNDA:0,(anonymous_51)
FNDA:0,(anonymous_52)
FNDA:0,(anonymous_53)
FNDA:0,(anonymous_54)
FNDA:0,(anonymous_55)
FNDA:0,(anonymous_56)
FNDA:0,(anonymous_57)
FNDA:0,(anonymous_58)
FNDA:0,(anonymous_59)
FNDA:0,(anonymous_60)
FNDA:0,(anonymous_61)
FNDA:0,(anonymous_62)
FNDA:0,(anonymous_63)
FNDA:0,(anonymous_64)
FNDA:0,(anonymous_65)
FNDA:0,(anonymous_66)
FNDA:0,(anonymous_67)
FNDA:0,(anonymous_68)
FNDA:0,(anonymous_69)
FNDA:0,(anonymous_70)
FNDA:0,(anonymous_71)
FNDA:0,(anonymous_72)
FNDA:0,(anonymous_73)
FNDA:0,(anonymous_74)
FNDA:0,(anonymous_75)
FNDA:0,(anonymous_76)
FNDA:0,(anonymous_77)
FNDA:0,(anonymous_78)
FNDA:0,(anonymous_79)
FNDA:0,(anonymous_80)
FNDA:0,(anonymous_81)
FNDA:0,(anonymous_82)
FNDA:0,(anonymous_83)
FNDA:0,(anonymous_84)
FNDA:0,(anonymous_85)
FNDA:0,(anonymous_86)
FNDA:0,(anonymous_87)
FNDA:0,(anonymous_88)
FNDA:0,(anonymous_89)
FNDA:0,(anonymous_90)
DA:8,0
DA:9,0
DA:10,0
DA:15,0
DA:16,0
DA:18,0
DA:19,0
DA:20,0
DA:21,0
DA:24,0
DA:25,0
DA:28,0
DA:29,0
DA:30,0
DA:31,0
DA:34,0
DA:35,0
DA:36,0
DA:37,0
DA:40,0
DA:41,0
DA:49,0
DA:51,0
DA:52,0
DA:53,0
DA:55,0
DA:64,0
DA:65,0
DA:66,0
DA:72,0
DA:74,0
DA:75,0
DA:76,0
DA:79,0
DA:80,0
DA:81,0
DA:83,0
DA:86,0
DA:87,0
DA:93,0
DA:95,0
DA:96,0
DA:97,0
DA:99,0
DA:100,0
DA:101,0
DA:102,0
DA:103,0
DA:104,0
DA:105,0
DA:106,0
DA:108,0
DA:111,0
DA:117,0
DA:119,0
DA:120,0
DA:121,0
DA:123,0
DA:124,0
DA:125,0
DA:131,0
DA:133,0
DA:134,0
DA:135,0
DA:137,0
DA:138,0
DA:139,0
DA:145,0
DA:147,0
DA:148,0
DA:149,0
DA:151,0
DA:159,0
DA:160,0
DA:161,0
DA:167,0
DA:169,0
DA:170,0
DA:171,0
DA:173,0
DA:174,0
DA:175,0
DA:176,0
DA:177,0
DA:180,0
DA:181,0
DA:183,0
DA:186,0
DA:192,0
DA:194,0
DA:195,0
DA:196,0
DA:198,0
DA:199,0
DA:200,0
DA:206,0
DA:208,0
DA:209,0
DA:210,0
DA:212,0
DA:213,0
DA:214,0
DA:220,0
DA:225,0
DA:228,0
DA:235,0
DA:257,0
DA:258,0
DA:259,0
DA:261,0
DA:265,0
DA:266,0
DA:267,0
DA:269,0
DA:275,0
DA:276,0
DA:277,0
DA:278,0
DA:280,0
DA:284,0
DA:285,0
DA:286,0
DA:287,0
DA:289,0
DA:342,0
DA:380,0
DA:381,0
DA:382,0
DA:391,0
DA:401,0
DA:402,0
DA:403,0
DA:404,0
DA:411,0
DA:414,0
DA:419,0
DA:420,0
DA:421,0
DA:422,0
DA:423,0
DA:425,0
DA:428,0
DA:433,0
DA:434,0
DA:440,0
DA:441,0
DA:442,0
DA:443,0
DA:445,0
DA:448,0
DA:453,0
DA:454,0
DA:455,0
DA:457,0
DA:462,0
DA:463,0
DA:465,0
DA:470,0
DA:471,0
DA:473,0
DA:478,0
DA:479,0
DA:480,0
DA:481,0
DA:482,0
DA:483,0
DA:485,0
DA:488,0
DA:493,0
DA:494,0
DA:495,0
DA:496,0
DA:497,0
DA:501,0
DA:502,0
DA:505,0
DA:508,0
DA:513,0
DA:519,0
DA:520,0
DA:521,0
DA:522,0
DA:523,0
DA:525,0
DA:528,0
DA:529,0
DA:530,0
DA:537,0
DA:539,0
DA:540,0
DA:541,0
DA:542,0
DA:544,0
DA:545,0
DA:551,0
DA:557,0
DA:558,0
DA:560,0
DA:561,0
DA:563,0
DA:564,0
DA:566,0
DA:571,0
DA:576,0
DA:588,0
DA:590,0
DA:591,0
DA:592,0
DA:597,0
DA:603,0
DA:604,0
DA:607,0
DA:608,0
DA:614,0
DA:615,0
DA:618,0
DA:620,0
DA:621,0
DA:623,0
DA:624,0
DA:626,0
DA:627,0
DA:628,0
DA:633,0
DA:635,0
DA:636,0
DA:637,0
DA:644,0
DA:652,0
DA:654,0
DA:660,0
DA:662,0
DA:663,0
DA:665,0
DA:666,0
DA:668,0
DA:669,0
DA:671,0
DA:678,0
DA:684,0
DA:685,0
DA:691,0
DA:697,0
DA:698,0
DA:704,0
DA:710,0
DA:711,0
DA:717,0
DA:718,0
DA:720,0
DA:721,0
DA:722,0
DA:729,0
DA:730,0
DA:732,0
DA:733,0
DA:739,0
DA:740,0
DA:742,0
DA:743,0
DA:749,0
DA:752,0
DA:755,0
DA:756,0
LF:264
LH:0
BRDA:7,0,0,0
BRDA:7,1,0,0
BRDA:28,2,0,0
BRDA:34,3,0,0
BRDA:40,4,0,0
BRDA:49,5,0,0
BRDA:71,6,0,0
BRDA:72,7,0,0
BRDA:79,8,0,0
BRDA:79,8,1,0
BRDA:93,9,0,0
BRDA:102,10,0,0
BRDA:102,10,1,0
BRDA:117,11,0,0
BRDA:131,12,0,0
BRDA:144,13,0,0
BRDA:145,14,0,0
BRDA:167,15,0,0
BRDA:176,16,0,0
BRDA:176,16,1,0
BRDA:176,17,0,0
BRDA:176,17,1,0
BRDA:180,18,0,0
BRDA:192,19,0,0
BRDA:206,20,0,0
BRDA:213,21,0,0
BRDA:213,21,1,0
BRDA:228,22,0,0
BRDA:228,22,1,0
BRDA:228,22,2,0
BRDA:237,23,0,0
BRDA:237,23,1,0
BRDA:238,24,0,0
BRDA:238,24,1,0
BRDA:240,25,0,0
BRDA:240,25,1,0
BRDA:242,26,0,0
BRDA:242,26,1,0
BRDA:245,27,0,0
BRDA:245,27,1,0
BRDA:251,28,0,0
BRDA:251,28,1,0
BRDA:259,29,0,0
BRDA:259,29,1,0
BRDA:267,30,0,0
BRDA:267,30,1,0
BRDA:272,31,0,0
BRDA:272,31,1,0
BRDA:307,32,0,0
BRDA:307,32,1,0
BRDA:308,33,0,0
BRDA:308,33,1,0
BRDA:323,34,0,0
BRDA:323,34,1,0
BRDA:374,35,0,0
BRDA:374,35,1,0
BRDA:380,36,0,0
BRDA:401,37,0,0
BRDA:419,38,0,0
BRDA:433,39,0,0
BRDA:440,40,0,0
BRDA:453,41,0,0
BRDA:462,42,0,0
BRDA:469,43,0,0
BRDA:470,44,0,0
BRDA:470,45,0,0
BRDA:470,45,1,0
BRDA:477,46,0,0
BRDA:478,47,0,0
BRDA:492,48,0,0
BRDA:492,49,0,0
BRDA:493,50,0,0
BRDA:496,51,0,0
BRDA:513,52,0,0
BRDA:513,52,1,0
BRDA:537,53,0,0
BRDA:551,54,0,0
BRDA:551,54,1,0
BRDA:557,55,0,0
BRDA:560,56,0,0
BRDA:563,57,0,0
BRDA:571,58,0,0
BRDA:571,58,1,0
BRDA:577,59,0,0
BRDA:577,59,1,0
BRDA:578,60,0,0
BRDA:578,60,1,0
BRDA:579,61,0,0
BRDA:579,61,1,0
BRDA:580,62,0,0
BRDA:580,62,1,0
BRDA:607,63,0,0
BRDA:614,64,0,0
BRDA:614,65,0,0
BRDA:614,65,1,0
BRDA:624,66,0,0
BRDA:635,67,0,0
BRDA:635,67,1,0
BRDA:636,68,0,0
BRDA:636,68,1,0
BRDA:660,69,0,0
BRDA:660,69,1,0
BRDA:660,69,2,0
BRDA:660,69,3,0
BRDA:684,70,0,0
BRDA:697,71,0,0
BRDA:710,72,0,0
BRDA:755,73,0,0
BRF:108
BRH:0
end_of_record
TN:
SF:utils\seoUtils.js
FN:8,generateSlug
FN:22,analyzeTitle
FN:41,estimatePixelWidth
FN:54,getTitleRecommendations
FN:75,analyzeDescription
FN:92,getDescriptionRecommendations
FN:110,analyzeKeywords
FN:114,(anonymous_20)
FN:136,getKeywordRecommendations
FN:155,analyzeHeadings
FN:156,(anonymous_23)
FN:157,(anonymous_24)
FN:158,(anonymous_25)
FN:173,(anonymous_26)
FN:202,analyzeInternalLinks
FN:203,(anonymous_28)
FN:213,(anonymous_29)
FN:230,getLinkRecommendations
FN:249,analyzeImages
FN:251,(anonymous_32)
FN:252,(anonymous_33)
FN:253,(anonymous_34)
FN:285,calculateSEOscore
FN:312,(anonymous_36)
FN:365,generateSEORecommendations
FN:398,(anonymous_38)
FN:440,(anonymous_39)
FN:448,validateURL
FN:496,generateSocialMetaTags
FN:526,analyzePerformance
FNF:30
FNH:0
FNDA:0,generateSlug
FNDA:0,analyzeTitle
FNDA:0,estimatePixelWidth
FNDA:0,getTitleRecommendations
FNDA:0,analyzeDescription
FNDA:0,getDescriptionRecommendations
FNDA:0,analyzeKeywords
FNDA:0,(anonymous_20)
FNDA:0,getKeywordRecommendations
FNDA:0,analyzeHeadings
FNDA:0,(anonymous_23)
FNDA:0,(anonymous_24)
FNDA:0,(anonymous_25)
FNDA:0,(anonymous_26)
FNDA:0,analyzeInternalLinks
FNDA:0,(anonymous_28)
FNDA:0,(anonymous_29)
FNDA:0,getLinkRecommendations
FNDA:0,analyzeImages
FNDA:0,(anonymous_32)
FNDA:0,(anonymous_33)
FNDA:0,(anonymous_34)
FNDA:0,calculateSEOscore
FNDA:0,(anonymous_36)
FNDA:0,generateSEORecommendations
FNDA:0,(anonymous_38)
FNDA:0,(anonymous_39)
FNDA:0,validateURL
FNDA:0,generateSocialMetaTags
FNDA:0,analyzePerformance
DA:8,0
DA:9,0
DA:22,0
DA:23,0
DA:24,0
DA:26,0
DA:44,0
DA:45,0
DA:55,0
DA:57,0
DA:58,0
DA:59,0
DA:60,0
DA:63,0
DA:64,0
DA:67,0
DA:75,0
DA:76,0
DA:78,0
DA:93,0
DA:95,0
DA:96,0
DA:97,0
DA:98,0
DA:101,0
DA:110,0
DA:111,0
DA:112,0
DA:114,0
DA:115,0
DA:116,0
DA:117,0
DA:119,0
DA:127,0
DA:137,0
DA:139,0
DA:140,0
DA:141,0
DA:142,0
DA:143,0
DA:144,0
DA:147,0
DA:155,0
DA:156,0
DA:157,0
DA:158,0
DA:160,0
DA:161,0
DA:164,0
DA:165,0
DA:166,0
DA:167,0
DA:168,0
DA:169,0
DA:173,0
DA:174,0
DA:175,0
DA:176,0
DA:177,0
DA:180,0
DA:181,0
DA:182,0
DA:185,0
DA:202,0
DA:203,0
DA:204,0
DA:205,0
DA:206,0
DA:207,0
DA:209,0
DA:213,0
DA:215,0
DA:231,0
DA:233,0
DA:234,0
DA:237,0
DA:238,0
DA:241,0
DA:249,0
DA:250,0
DA:251,0
DA:252,0
DA:253,0
DA:255,0
DA:256,0
DA:258,0
DA:259,0
DA:260,0
DA:263,0
DA:264,0
DA:265,0
DA:268,0
DA:285,0
DA:286,0
DA:287,0
DA:290,0
DA:291,0
DA:292,0
DA:293,0
DA:294,0
DA:295,0
DA:296,0
DA:300,0
DA:301,0
DA:302,0
DA:303,0
DA:304,0
DA:305,0
DA:306,0
DA:310,0
DA:311,0
DA:312,0
DA:313,0
DA:315,0
DA:319,0
DA:320,0
DA:321,0
DA:322,0
DA:323,0
DA:327,0
DA:328,0
DA:329,0
DA:330,0
DA:331,0
DA:332,0
DA:333,0
DA:334,0
DA:335,0
DA:340,0
DA:341,0
DA:342,0
DA:343,0
DA:344,0
DA:348,0
DA:349,0
DA:350,0
DA:351,0
DA:352,0
DA:353,0
DA:357,0
DA:365,0
DA:366,0
DA:369,0
DA:370,0
DA:378,0
DA:379,0
DA:387,0
DA:388,0
DA:397,0
DA:398,0
DA:399,0
DA:400,0
DA:410,0
DA:411,0
DA:420,0
DA:421,0
DA:429,0
DA:430,0
DA:439,0
DA:440,0
DA:448,0
DA:449,0
DA:450,0
DA:453,0
DA:454,0
DA:455,0
DA:459,0
DA:460,0
DA:461,0
DA:465,0
DA:466,0
DA:467,0
DA:471,0
DA:472,0
DA:473,0
DA:477,0
DA:478,0
DA:479,0
DA:480,0
DA:483,0
DA:496,0
DA:497,0
DA:526,0
DA:527,0
DA:534,0
DA:535,0
DA:536,0
DA:537,0
DA:540,0
DA:541,0
DA:542,0
DA:543,0
DA:546,0
DA:547,0
DA:548,0
DA:549,0
DA:553,0
DA:554,0
DA:555,0
DA:556,0
DA:559,0
DA:561,0
LF:202
LH:0
BRDA:29,0,0,0
BRDA:29,0,1,0
BRDA:57,1,0,0
BRDA:57,1,1,0
BRDA:59,2,0,0
BRDA:63,3,0,0
BRDA:80,4,0,0
BRDA:80,4,1,0
BRDA:95,5,0,0
BRDA:95,5,1,0
BRDA:97,6,0,0
BRDA:116,7,0,0
BRDA:116,7,1,0
BRDA:122,8,0,0
BRDA:122,8,1,0
BRDA:139,9,0,0
BRDA:139,9,1,0
BRDA:141,10,0,0
BRDA:141,10,1,0
BRDA:143,11,0,0
BRDA:164,12,0,0
BRDA:164,12,1,0
BRDA:167,13,0,0
BRDA:174,14,0,0
BRDA:180,15,0,0
BRDA:219,16,0,0
BRDA:219,16,1,0
BRDA:233,17,0,0
BRDA:237,18,0,0
BRDA:251,19,0,0
BRDA:251,19,1,0
BRDA:252,20,0,0
BRDA:252,20,1,0
BRDA:258,21,0,0
BRDA:263,22,0,0
BRDA:273,23,0,0
BRDA:273,23,1,0
BRDA:291,24,0,0
BRDA:291,24,1,0
BRDA:293,25,0,0
BRDA:293,25,1,0
BRDA:295,26,0,0
BRDA:301,27,0,0
BRDA:301,27,1,0
BRDA:303,28,0,0
BRDA:303,28,1,0
BRDA:305,29,0,0
BRDA:311,30,0,0
BRDA:313,31,0,0
BRDA:313,31,1,0
BRDA:320,32,0,0
BRDA:320,32,1,0
BRDA:322,33,0,0
BRDA:328,34,0,0
BRDA:330,35,0,0
BRDA:330,35,1,0
BRDA:332,36,0,0
BRDA:332,36,1,0
BRDA:334,37,0,0
BRDA:341,38,0,0
BRDA:341,38,1,0
BRDA:343,39,0,0
BRDA:349,40,0,0
BRDA:350,41,0,0
BRDA:350,41,1,0
BRDA:352,42,0,0
BRDA:357,43,0,0
BRDA:357,43,1,0
BRDA:369,44,0,0
BRDA:378,45,0,0
BRDA:387,46,0,0
BRDA:397,47,0,0
BRDA:399,48,0,0
BRDA:410,49,0,0
BRDA:420,50,0,0
BRDA:429,51,0,0
BRDA:453,52,0,0
BRDA:459,53,0,0
BRDA:465,54,0,0
BRDA:471,55,0,0
BRDA:478,56,0,0
BRDA:503,57,0,0
BRDA:503,57,1,0
BRDA:511,58,0,0
BRDA:511,58,1,0
BRDA:534,59,0,0
BRDA:540,60,0,0
BRDA:546,61,0,0
BRDA:553,62,0,0
BRF:89
BRH:0
end_of_record
TN:
SF:utils\subscriptionUtils.js
FN:11,calculateSubscriptionSavings
FN:55,formatSubscriptionInterval
FN:73,getSubscriptionStatusColor
FN:94,isSubscriptionDue
FN:109,calculateSubscriptionMetrics
FN:124,(anonymous_19)
FN:165,generateSubscriptionSummary
FN:166,(anonymous_21)
FN:167,(anonymous_22)
FN:168,(anonymous_23)
FN:171,(anonymous_24)
FN:172,(anonymous_25)
FN:175,(anonymous_26)
FN:190,(anonymous_27)
FN:206,validateShippingAddress
FN:244,calculateTrialPeriod
FN:263,formatCurrency
FN:275,getSubscriptionFrequency
FN:293,getDaysUntilNextDelivery
FN:306,checkSubscriptionAttention
FN:347,generateSubscriptionSchedule
FNF:21
FNH:0
FNDA:0,calculateSubscriptionSavings
FNDA:0,formatSubscriptionInterval
FNDA:0,getSubscriptionStatusColor
FNDA:0,isSubscriptionDue
FNDA:0,calculateSubscriptionMetrics
FNDA:0,(anonymous_19)
FNDA:0,generateSubscriptionSummary
FNDA:0,(anonymous_21)
FNDA:0,(anonymous_22)
FNDA:0,(anonymous_23)
FNDA:0,(anonymous_24)
FNDA:0,(anonymous_25)
FNDA:0,(anonymous_26)
FNDA:0,(anonymous_27)
FNDA:0,validateShippingAddress
FNDA:0,calculateTrialPeriod
FNDA:0,formatCurrency
FNDA:0,getSubscriptionFrequency
FNDA:0,getDaysUntilNextDelivery
FNDA:0,checkSubscriptionAttention
FNDA:0,generateSubscriptionSchedule
DA:11,0
DA:12,0
DA:13,0
DA:16,0
DA:18,0
DA:19,0
DA:21,0
DA:22,0
DA:24,0
DA:25,0
DA:27,0
DA:30,0
DA:31,0
DA:32,0
DA:33,0
DA:35,0
DA:55,0
DA:56,0
DA:58,0
DA:60,0
DA:62,0
DA:64,0
DA:73,0
DA:74,0
DA:76,0
DA:78,0
DA:80,0
DA:82,0
DA:84,0
DA:94,0
DA:95,0
DA:96,0
DA:97,0
DA:99,0
DA:101,0
DA:109,0
DA:110,0
DA:121,0
DA:122,0
DA:124,0
DA:126,0
DA:128,0
DA:129,0
DA:130,0
DA:132,0
DA:133,0
DA:135,0
DA:136,0
DA:138,0
DA:139,0
DA:143,0
DA:144,0
DA:145,0
DA:146,0
DA:150,0
DA:151,0
DA:154,0
DA:155,0
DA:157,0
DA:165,0
DA:166,0
DA:167,0
DA:168,0
DA:170,0
DA:171,0
DA:172,0
DA:175,0
DA:176,0
DA:177,0
DA:178,0
DA:180,0
DA:183,0
DA:191,0
DA:192,0
DA:193,0
DA:194,0
DA:196,0
DA:206,0
DA:207,0
DA:209,0
DA:210,0
DA:211,0
DA:214,0
DA:222,0
DA:223,0
DA:224,0
DA:229,0
DA:230,0
DA:233,0
DA:244,0
DA:245,0
DA:247,0
DA:249,0
DA:251,0
DA:253,0
DA:263,0
DA:264,0
DA:275,0
DA:276,0
DA:278,0
DA:280,0
DA:282,0
DA:284,0
DA:293,0
DA:294,0
DA:295,0
DA:296,0
DA:297,0
DA:298,0
DA:306,0
DA:307,0
DA:313,0
DA:314,0
DA:315,0
DA:316,0
DA:317,0
DA:322,0
DA:323,0
DA:324,0
DA:325,0
DA:326,0
DA:327,0
DA:332,0
DA:333,0
DA:334,0
DA:337,0
DA:347,0
DA:348,0
DA:349,0
DA:351,0
DA:352,0
DA:363,0
DA:365,0
DA:366,0
DA:368,0
DA:369,0
DA:371,0
DA:372,0
DA:376,0
LF:139
LH:0
BRDA:11,0,0,0
BRDA:16,1,0,0
BRDA:16,1,1,0
BRDA:16,1,2,0
BRDA:16,1,3,0
BRDA:56,2,0,0
BRDA:56,2,1,0
BRDA:56,2,2,0
BRDA:56,2,3,0
BRDA:74,3,0,0
BRDA:74,3,1,0
BRDA:74,3,2,0
BRDA:74,3,3,0
BRDA:74,3,4,0
BRDA:94,4,0,0
BRDA:126,5,0,0
BRDA:126,5,1,0
BRDA:126,5,2,0
BRDA:126,5,3,0
BRDA:143,6,0,0
BRDA:143,7,0,0
BRDA:143,7,1,0
BRDA:143,7,2,0
BRDA:143,7,3,0
BRDA:151,8,0,0
BRDA:151,8,1,0
BRDA:155,9,0,0
BRDA:155,9,1,0
BRDA:176,10,0,0
BRDA:176,11,0,0
BRDA:176,11,1,0
BRDA:176,11,2,0
BRDA:176,11,3,0
BRDA:191,12,0,0
BRDA:191,13,0,0
BRDA:191,13,1,0
BRDA:191,13,2,0
BRDA:191,13,3,0
BRDA:209,14,0,0
BRDA:223,15,0,0
BRDA:223,16,0,0
BRDA:223,16,1,0
BRDA:229,17,0,0
BRDA:229,18,0,0
BRDA:229,18,1,0
BRDA:245,19,0,0
BRDA:245,19,1,0
BRDA:245,19,2,0
BRDA:245,19,3,0
BRDA:263,20,0,0
BRDA:276,21,0,0
BRDA:276,21,1,0
BRDA:276,21,2,0
BRDA:276,21,3,0
BRDA:313,22,0,0
BRDA:315,23,0,0
BRDA:315,24,0,0
BRDA:315,24,1,0
BRDA:322,25,0,0
BRDA:325,26,0,0
BRDA:332,27,0,0
BRDA:332,28,0,0
BRDA:332,28,1,0
BRDA:347,29,0,0
BRDA:347,30,0,0
BRDA:363,31,0,0
BRDA:363,31,1,0
BRDA:363,31,2,0
BRF:68
BRH:0
end_of_record
TN:
SF:utils\theme.js
FNF:0
FNH:0
DA:1,0
DA:4,0
DA:67,0
DA:180,0
DA:224,0
DA:256,0
DA:265,0
DA:317,0
DA:441,0
DA:491,0
LF:10
LH:0
BRF:0
BRH:0
end_of_record
